[debug] [2022-03-03T06:02:51.383Z] ----------------------------------------------------------------------
[debug] [2022-03-03T06:02:51.386Z] Command:       C:\Program Files\nodejs\node.exe C:\Users\krist_d6vbucr\AppData\Roaming\npm\node_modules\firebase-tools\lib\bin\firebase.js emulators:start
[debug] [2022-03-03T06:02:51.386Z] CLI Version:   10.2.1
[debug] [2022-03-03T06:02:51.386Z] Platform:      win32
[debug] [2022-03-03T06:02:51.387Z] Node Version:  v14.16.1
[debug] [2022-03-03T06:02:51.403Z] Time:          Thu Mar 03 2022 11:32:51 GMT+0530 (India Standard Time)
[debug] [2022-03-03T06:02:51.403Z] ----------------------------------------------------------------------
[debug] 
[debug] [2022-03-03T06:02:51.468Z] > command requires scopes: ["email","openid","https://www.googleapis.com/auth/cloudplatformprojects.readonly","https://www.googleapis.com/auth/firebase","https://www.googleapis.com/auth/cloud-platform"]
[debug] [2022-03-03T06:02:51.468Z] > authorizing via signed-in user (kristipatithoyajakshakashyap@gmail.com)
[info] i  emulators: Starting emulators: functions {"metadata":{"emulator":{"name":"hub"},"message":"Starting emulators: functions"}}
[debug] [2022-03-03T06:02:51.555Z] [hub] writing locator at C:\Users\KRIST_~1\AppData\Local\Temp\hub-lense-store.json
[warn] !  functions: The following emulators are not running, calls to these services from the Functions emulator will affect production: auth, firestore, database, hosting, pubsub, storage {"metadata":{"emulator":{"name":"functions"},"message":"The following emulators are not running, calls to these services from the Functions emulator will affect production: \u001b[1mauth, firestore, database, hosting, pubsub, storage\u001b[22m"}}
[warn] !  Your requested "node" version "16" doesn't match your global version "14". Using node@14 from host. {"metadata":{"emulator":{"name":"functions"},"message":"Your requested \"node\" version \"16\" doesn't match your global version \"14\". Using node@14 from host."}}
[debug] [2022-03-03T06:02:51.711Z] defaultcredentials: writing to file C:\Users\krist_d6vbucr\AppData\Roaming\firebase\kristipatithoyajakshakashyap_gmail_com_application_default_credentials.json
[debug] [2022-03-03T06:02:51.717Z] Setting GAC to C:\Users\krist_d6vbucr\AppData\Roaming\firebase\kristipatithoyajakshakashyap_gmail_com_application_default_credentials.json {"metadata":{"emulator":{"name":"functions"},"message":"Setting GAC to C:\\Users\\krist_d6vbucr\\AppData\\Roaming\\firebase\\kristipatithoyajakshakashyap_gmail_com_application_default_credentials.json"}}
[debug] [2022-03-03T06:02:51.721Z] >>> [apiv2][query] GET https://firebase.googleapis.com/v1beta1/projects/lense-store/adminSdkConfig [none]
[debug] [2022-03-03T06:02:52.223Z] <<< [apiv2][status] GET https://firebase.googleapis.com/v1beta1/projects/lense-store/adminSdkConfig 200
[debug] [2022-03-03T06:02:52.223Z] <<< [apiv2][body] GET https://firebase.googleapis.com/v1beta1/projects/lense-store/adminSdkConfig {"projectId":"lense-store","storageBucket":"lense-store.appspot.com","locationId":"us-central"}
[warn] !  ui: Emulator UI unable to start on port 4000, starting on 4001 instead. {"metadata":{"emulator":{"name":"ui"},"message":"Emulator UI unable to start on port 4000, starting on 4001 instead."}}
[debug] [2022-03-03T06:02:52.274Z] Ignoring unsupported arg: auto_download {"metadata":{"emulator":{"name":"ui"},"message":"Ignoring unsupported arg: auto_download"}}
[debug] [2022-03-03T06:02:52.274Z] Ignoring unsupported arg: port {"metadata":{"emulator":{"name":"ui"},"message":"Ignoring unsupported arg: port"}}
[debug] [2022-03-03T06:02:52.274Z] Starting Emulator UI with command {"binary":"node","args":["C:\\Users\\krist_d6vbucr\\.cache\\firebase\\emulators\\ui-v1.6.5\\server.bundle.js"],"optionalArgs":[],"joinArgs":false} {"metadata":{"emulator":{"name":"ui"},"message":"Starting Emulator UI with command {\"binary\":\"node\",\"args\":[\"C:\\\\Users\\\\krist_d6vbucr\\\\.cache\\\\firebase\\\\emulators\\\\ui-v1.6.5\\\\server.bundle.js\"],\"optionalArgs\":[],\"joinArgs\":false}"}}
[info] i  ui: Emulator UI logging to ui-debug.log {"metadata":{"emulator":{"name":"ui"},"message":"Emulator UI logging to \u001b[1mui-debug.log\u001b[22m"}}
[debug] [2022-03-03T06:02:52.414Z] [work-queue] {"queueLength":1,"workRunningCount":0}
[debug] [2022-03-03T06:02:52.414Z] [work-queue] {"queueLength":0,"workRunningCount":1}
[debug] [2022-03-03T06:02:52.417Z] [work-queue] {"queueLength":0,"workRunningCount":0}
[debug] [2022-03-03T06:02:52.482Z] Web / API server started at localhost:4001
 {"metadata":{"emulator":{"name":"ui"},"message":"Web / API server started at localhost:4001\n"}}
[info] i  functions: Watching "F:\ReactProject\projects\lensstore\functions" for Cloud Functions... {"metadata":{"emulator":{"name":"functions"},"message":"Watching \"F:\\ReactProject\\projects\\lensstore\\functions\" for Cloud Functions..."}}
[debug] [2022-03-03T06:02:52.591Z] Validating nodejs source
[debug] [2022-03-03T06:03:01.176Z] > [functions] package.json contents: {
  "name": "functions",
  "description": "Cloud Functions for Firebase",
  "scripts": {
    "lint": "eslint .",
    "serve": "firebase emulators:start --only functions",
    "shell": "firebase functions:shell",
    "start": "npm run shell",
    "deploy": "firebase deploy --only functions",
    "logs": "firebase functions:log"
  },
  "engines": {
    "node": "16"
  },
  "main": "index.js",
  "dependencies": {
    "cors": "^2.8.5",
    "express": "^4.17.3",
    "firebase-admin": "^9.8.0",
    "firebase-functions": "^3.14.1",
    "stripe": "^8.206.0"
  },
  "devDependencies": {
    "eslint": "^7.6.0",
    "eslint-config-google": "^0.14.0",
    "firebase-functions-test": "^0.2.0"
  },
  "private": true
}
[debug] [2022-03-03T06:03:01.176Z] Building nodejs source
[debug] [2022-03-03T06:03:01.176Z] Analyzing nodejs backend spec
[info] +  functions[us-central1-api]: http function initialized (http://localhost:5001/lense-store/us-central1/api). {"metadata":{"emulator":{"name":"functions"},"message":"\u001b[1mhttp\u001b[22m function initialized (http://localhost:5001/lense-store/us-central1/api)."}}
[info] 
┌─────────────────────────────────────────────────────────────┐
│ ✔  All emulators ready! It is now safe to connect your app. │
│ i  View Emulator UI at http://localhost:4001                │
└─────────────────────────────────────────────────────────────┘

┌───────────┬────────────────┬─────────────────────────────────┐
│ Emulator  │ Host:Port      │ View in Emulator UI             │
├───────────┼────────────────┼─────────────────────────────────┤
│ Functions │ localhost:5001 │ http://localhost:4001/functions │
└───────────┴────────────────┴─────────────────────────────────┘
  Emulator Hub running at localhost:4400
  Other reserved ports: 4500

Issues? Report them at https://github.com/firebase/firebase-tools/issues and attach the *-debug.log files.
 
[debug] [2022-03-03T06:03:19.542Z] [work-queue] {"queueLength":1,"workRunningCount":0}
[debug] [2022-03-03T06:03:19.542Z] [work-queue] {"queueLength":0,"workRunningCount":1}
[debug] [2022-03-03T06:03:19.542Z] Accepted request POST /lense-store/us-central1/api/payments/create?total=279900 --> us-central1-api
[debug] [2022-03-03T06:03:19.550Z] [worker-pool] addWorker(us-central1-api) {"metadata":{"emulator":{"name":"functions"},"message":"[worker-pool] addWorker(us-central1-api)"}}
[debug] [2022-03-03T06:03:19.551Z] [worker-pool] Adding worker with key us-central1-api, total=1 {"metadata":{"emulator":{"name":"functions"},"message":"[worker-pool] Adding worker with key us-central1-api, total=1"}}
[debug] [2022-03-03T06:03:19.551Z] [worker-pool] submitWork(triggerId=us-central1-api) {"metadata":{"emulator":{"name":"functions"},"message":"[worker-pool] submitWork(triggerId=us-central1-api)"}}
[debug] [2022-03-03T06:03:19.551Z] [worker-us-central1-api-1161132b-09b4-463b-ae6c-8833e939f993]: Assigning socketPath: \\?\pipe\F:\ReactProject\projects\lensstore\functions\30992 {"metadata":{"emulator":{"name":"functions"},"message":"[worker-us-central1-api-1161132b-09b4-463b-ae6c-8833e939f993]: Assigning socketPath: \\\\?\\pipe\\F:\\ReactProject\\projects\\lensstore\\functions\\30992"}}
[debug] [2022-03-03T06:03:19.551Z] [worker-us-central1-api-1161132b-09b4-463b-ae6c-8833e939f993]: BUSY {"metadata":{"emulator":{"name":"functions"},"message":"[worker-us-central1-api-1161132b-09b4-463b-ae6c-8833e939f993]: BUSY"}}
[debug] [2022-03-03T06:03:20.967Z] [runtime-status] [30992] Functions runtime initialized. {"cwd":"F:\\ReactProject\\projects\\lensstore\\functions","node_version":"14.16.1"} {"metadata":{"emulator":{"name":"functions"},"function":{"name":"us-central1-api"},"message":"[runtime-status] [30992] Functions runtime initialized. {\"cwd\":\"F:\\\\ReactProject\\\\projects\\\\lensstore\\\\functions\",\"node_version\":\"14.16.1\"}"}}
[debug] [2022-03-03T06:03:20.971Z] [runtime-status] [30992] Disabled runtime features: undefined {"metadata":{"emulator":{"name":"functions"},"function":{"name":"us-central1-api"},"message":"[runtime-status] [30992] Disabled runtime features: undefined"}}
[debug] [2022-03-03T06:03:20.974Z] [runtime-status] [30992] Resolved module firebase-admin {"declared":true,"installed":true,"version":"9.12.0","resolution":"F:\\ReactProject\\projects\\lensstore\\functions\\node_modules\\firebase-admin\\lib\\index.js"} {"metadata":{"emulator":{"name":"functions"},"function":{"name":"us-central1-api"},"message":"[runtime-status] [30992] Resolved module firebase-admin {\"declared\":true,\"installed\":true,\"version\":\"9.12.0\",\"resolution\":\"F:\\\\ReactProject\\\\projects\\\\lensstore\\\\functions\\\\node_modules\\\\firebase-admin\\\\lib\\\\index.js\"}"}}
[debug] [2022-03-03T06:03:20.976Z] [runtime-status] [30992] Resolved module firebase-functions {"declared":true,"installed":true,"version":"3.18.1","resolution":"F:\\ReactProject\\projects\\lensstore\\functions\\node_modules\\firebase-functions\\lib\\index.js"} {"metadata":{"emulator":{"name":"functions"},"function":{"name":"us-central1-api"},"message":"[runtime-status] [30992] Resolved module firebase-functions {\"declared\":true,\"installed\":true,\"version\":\"3.18.1\",\"resolution\":\"F:\\\\ReactProject\\\\projects\\\\lensstore\\\\functions\\\\node_modules\\\\firebase-functions\\\\lib\\\\index.js\"}"}}
[debug] [2022-03-03T06:03:20.976Z] [runtime-status] [30992] Outgoing network have been stubbed. [{"name":"http","status":"mocked"},{"name":"http","status":"mocked"},{"name":"https","status":"mocked"},{"name":"https","status":"mocked"},{"name":"net","status":"mocked"}] {"metadata":{"emulator":{"name":"functions"},"function":{"name":"us-central1-api"},"message":"[runtime-status] [30992] Outgoing network have been stubbed. [{\"name\":\"http\",\"status\":\"mocked\"},{\"name\":\"http\",\"status\":\"mocked\"},{\"name\":\"https\",\"status\":\"mocked\"},{\"name\":\"https\",\"status\":\"mocked\"},{\"name\":\"net\",\"status\":\"mocked\"}]"}}
[debug] [2022-03-03T06:03:20.977Z] [runtime-status] [30992] Resolved module firebase-functions {"declared":true,"installed":true,"version":"3.18.1","resolution":"F:\\ReactProject\\projects\\lensstore\\functions\\node_modules\\firebase-functions\\lib\\index.js"} {"metadata":{"emulator":{"name":"functions"},"function":{"name":"us-central1-api"},"message":"[runtime-status] [30992] Resolved module firebase-functions {\"declared\":true,\"installed\":true,\"version\":\"3.18.1\",\"resolution\":\"F:\\\\ReactProject\\\\projects\\\\lensstore\\\\functions\\\\node_modules\\\\firebase-functions\\\\lib\\\\index.js\"}"}}
[debug] [2022-03-03T06:03:21.033Z] [runtime-status] [30992] Checked functions.config() {"config":{}} {"metadata":{"emulator":{"name":"functions"},"function":{"name":"us-central1-api"},"message":"[runtime-status] [30992] Checked functions.config() {\"config\":{}}"}}
[debug] [2022-03-03T06:03:21.033Z] [runtime-status] [30992] firebase-functions has been stubbed. {"functionsResolution":{"declared":true,"installed":true,"version":"3.18.1","resolution":"F:\\ReactProject\\projects\\lensstore\\functions\\node_modules\\firebase-functions\\lib\\index.js"}} {"metadata":{"emulator":{"name":"functions"},"function":{"name":"us-central1-api"},"message":"[runtime-status] [30992] firebase-functions has been stubbed. {\"functionsResolution\":{\"declared\":true,\"installed\":true,\"version\":\"3.18.1\",\"resolution\":\"F:\\\\ReactProject\\\\projects\\\\lensstore\\\\functions\\\\node_modules\\\\firebase-functions\\\\lib\\\\index.js\"}}"}}
[debug] [2022-03-03T06:03:21.034Z] [runtime-status] [30992] Resolved module firebase-functions {"declared":true,"installed":true,"version":"3.18.1","resolution":"F:\\ReactProject\\projects\\lensstore\\functions\\node_modules\\firebase-functions\\lib\\index.js"} {"metadata":{"emulator":{"name":"functions"},"function":{"name":"us-central1-api"},"message":"[runtime-status] [30992] Resolved module firebase-functions {\"declared\":true,\"installed\":true,\"version\":\"3.18.1\",\"resolution\":\"F:\\\\ReactProject\\\\projects\\\\lensstore\\\\functions\\\\node_modules\\\\firebase-functions\\\\lib\\\\index.js\"}"}}
[debug] [2022-03-03T06:03:21.035Z] [runtime-status] [30992] Resolved module firebase-admin {"declared":true,"installed":true,"version":"9.12.0","resolution":"F:\\ReactProject\\projects\\lensstore\\functions\\node_modules\\firebase-admin\\lib\\index.js"} {"metadata":{"emulator":{"name":"functions"},"function":{"name":"us-central1-api"},"message":"[runtime-status] [30992] Resolved module firebase-admin {\"declared\":true,\"installed\":true,\"version\":\"9.12.0\",\"resolution\":\"F:\\\\ReactProject\\\\projects\\\\lensstore\\\\functions\\\\node_modules\\\\firebase-admin\\\\lib\\\\index.js\"}"}}
[debug] [2022-03-03T06:03:21.036Z] [runtime-status] [30992] Resolved module firebase-functions {"declared":true,"installed":true,"version":"3.18.1","resolution":"F:\\ReactProject\\projects\\lensstore\\functions\\node_modules\\firebase-functions\\lib\\index.js"} {"metadata":{"emulator":{"name":"functions"},"function":{"name":"us-central1-api"},"message":"[runtime-status] [30992] Resolved module firebase-functions {\"declared\":true,\"installed\":true,\"version\":\"3.18.1\",\"resolution\":\"F:\\\\ReactProject\\\\projects\\\\lensstore\\\\functions\\\\node_modules\\\\firebase-functions\\\\lib\\\\index.js\"}"}}
[debug] [2022-03-03T06:03:21.036Z] [runtime-status] [30992] firebase-admin has been stubbed. {"adminResolution":{"declared":true,"installed":true,"version":"9.12.0","resolution":"F:\\ReactProject\\projects\\lensstore\\functions\\node_modules\\firebase-admin\\lib\\index.js"}} {"metadata":{"emulator":{"name":"functions"},"function":{"name":"us-central1-api"},"message":"[runtime-status] [30992] firebase-admin has been stubbed. {\"adminResolution\":{\"declared\":true,\"installed\":true,\"version\":\"9.12.0\",\"resolution\":\"F:\\\\ReactProject\\\\projects\\\\lensstore\\\\functions\\\\node_modules\\\\firebase-admin\\\\lib\\\\index.js\"}}"}}
[debug] [2022-03-03T06:03:21.209Z] [runtime-status] [30992] Beginning invocation function api! {"metadata":{"emulator":{"name":"functions"},"function":{"name":"us-central1-api"},"message":"[runtime-status] [30992] Beginning invocation function api!"}}
[info] i  functions: Beginning execution of "api" {"metadata":{"emulator":{"name":"functions"},"function":{"name":"us-central1-api"},"message":"Beginning execution of \"api\""}}
[debug] [2022-03-03T06:03:21.211Z] [runtime-status] [30992] Running api in signature http {"metadata":{"emulator":{"name":"functions"},"function":{"name":"us-central1-api"},"message":"[runtime-status] [30992] Running api in signature http"}}
[debug] [2022-03-03T06:03:21.214Z] [runtime-status] [30992] Attempting to listen to socketPath: \\?\pipe\F:\ReactProject\projects\lensstore\functions\30992 {"metadata":{"emulator":{"name":"functions"},"function":{"name":"us-central1-api"},"message":"[runtime-status] [30992] Attempting to listen to socketPath: \\\\?\\pipe\\F:\\ReactProject\\projects\\lensstore\\functions\\30992"}}
[debug] [2022-03-03T06:03:21.222Z] [functions] Runtime ready! Sending request! {"metadata":{"emulator":{"name":"functions"},"message":"[functions] Runtime ready! Sending request!"}}
[debug] [2022-03-03T06:03:21.223Z] [functions] Got req.url=/lense-store/us-central1/api/payments/create?total=279900, mapping to path=/payments/create?total=279900 {"metadata":{"emulator":{"name":"functions"},"message":"[functions] Got req.url=/lense-store/us-central1/api/payments/create?total=279900, mapping to path=/payments/create?total=279900"}}
[debug] [2022-03-03T06:03:21.230Z] [runtime-status] [30992] Ephemeral server handling POST request {"metadata":{"emulator":{"name":"functions"},"function":{"name":"us-central1-api"},"message":"[runtime-status] [30992] Ephemeral server handling POST request"}}
[info] >  Payment Request Recieved. for this amount  279900 {"user":"Payment Request Recieved. for this amount  279900","metadata":{"emulator":{"name":"functions"},"function":{"name":"us-central1-api"},"message":"\u001b[90m> \u001b[39m Payment Request Recieved. for this amount  279900"}}
[debug] [2022-03-03T06:03:21.243Z] [runtime-status] [30992] Ephemeral server survived. {"metadata":{"emulator":{"name":"functions"},"function":{"name":"us-central1-api"},"message":"[runtime-status] [30992] Ephemeral server survived."}}
[info] i  functions: Finished "api" in ~1s {"metadata":{"emulator":{"name":"functions"},"function":{"name":"us-central1-api"},"message":"Finished \"api\" in ~1s"}}
[debug] [2022-03-03T06:03:21.808Z] [worker-us-central1-api-1161132b-09b4-463b-ae6c-8833e939f993]: IDLE {"metadata":{"emulator":{"name":"functions"},"message":"[worker-us-central1-api-1161132b-09b4-463b-ae6c-8833e939f993]: IDLE"}}
[debug] [2022-03-03T06:03:21.809Z] [work-queue] {"queueLength":0,"workRunningCount":0}
[debug] [2022-03-03T06:55:34.966Z] ----------------------------------------------------------------------
[debug] [2022-03-03T06:55:34.968Z] Command:       C:\Program Files\nodejs\node.exe C:\Users\krist_d6vbucr\AppData\Roaming\npm\node_modules\firebase-tools\lib\bin\firebase.js emulators:start
[debug] [2022-03-03T06:55:34.969Z] CLI Version:   10.2.1
[debug] [2022-03-03T06:55:34.969Z] Platform:      win32
[debug] [2022-03-03T06:55:34.969Z] Node Version:  v14.16.1
[debug] [2022-03-03T06:55:34.970Z] Time:          Thu Mar 03 2022 12:25:34 GMT+0530 (India Standard Time)
[debug] [2022-03-03T06:55:34.970Z] ----------------------------------------------------------------------
[debug] 
[debug] [2022-03-03T06:55:35.052Z] > command requires scopes: ["email","openid","https://www.googleapis.com/auth/cloudplatformprojects.readonly","https://www.googleapis.com/auth/firebase","https://www.googleapis.com/auth/cloud-platform"]
[debug] [2022-03-03T06:55:35.052Z] > authorizing via signed-in user (kristipatithoyajakshakashyap@gmail.com)
[info] i  emulators: Starting emulators: functions {"metadata":{"emulator":{"name":"hub"},"message":"Starting emulators: functions"}}
[warn] !  emulators: It seems that you are running multiple instances of the emulator suite for project lense-store. This may result in unexpected behavior. 
[debug] [2022-03-03T06:55:35.104Z] [hub] writing locator at C:\Users\KRIST_~1\AppData\Local\Temp\hub-lense-store.json
[warn] !  functions: The following emulators are not running, calls to these services from the Functions emulator will affect production: auth, firestore, database, hosting, pubsub, storage {"metadata":{"emulator":{"name":"functions"},"message":"The following emulators are not running, calls to these services from the Functions emulator will affect production: \u001b[1mauth, firestore, database, hosting, pubsub, storage\u001b[22m"}}
[warn] !  Your requested "node" version "16" doesn't match your global version "14". Using node@14 from host. {"metadata":{"emulator":{"name":"functions"},"message":"Your requested \"node\" version \"16\" doesn't match your global version \"14\". Using node@14 from host."}}
[debug] [2022-03-03T06:55:35.160Z] defaultcredentials: writing to file C:\Users\krist_d6vbucr\AppData\Roaming\firebase\kristipatithoyajakshakashyap_gmail_com_application_default_credentials.json
[debug] [2022-03-03T06:55:35.163Z] Setting GAC to C:\Users\krist_d6vbucr\AppData\Roaming\firebase\kristipatithoyajakshakashyap_gmail_com_application_default_credentials.json {"metadata":{"emulator":{"name":"functions"},"message":"Setting GAC to C:\\Users\\krist_d6vbucr\\AppData\\Roaming\\firebase\\kristipatithoyajakshakashyap_gmail_com_application_default_credentials.json"}}
[debug] [2022-03-03T06:55:35.166Z] > refreshing access token with scopes: []
[debug] [2022-03-03T06:55:35.167Z] >>> HTTP REQUEST POST https://www.googleapis.com/oauth2/v3/token  
 <request body omitted>
[debug] [2022-03-03T06:55:35.384Z] <<< HTTP RESPONSE 200 {"date":"Thu, 03 Mar 2022 06:55:36 GMT","pragma":"no-cache","expires":"Mon, 01 Jan 1990 00:00:00 GMT","cache-control":"no-cache, no-store, max-age=0, must-revalidate","content-type":"application/json; charset=utf-8","vary":"X-Origin, Referer, Origin,Accept-Encoding","server":"scaffolding on HTTPServer2","x-xss-protection":"0","x-frame-options":"SAMEORIGIN","x-content-type-options":"nosniff","alt-svc":"h3=\":443\"; ma=2592000,h3-29=\":443\"; ma=2592000,h3-Q050=\":443\"; ma=2592000,h3-Q046=\":443\"; ma=2592000,h3-Q043=\":443\"; ma=2592000,quic=\":443\"; ma=2592000; v=\"46,43\"","accept-ranges":"none","transfer-encoding":"chunked"}
[debug] [2022-03-03T06:55:35.397Z] >>> [apiv2][query] GET https://firebase.googleapis.com/v1beta1/projects/lense-store/adminSdkConfig [none]
[debug] [2022-03-03T06:55:35.897Z] <<< [apiv2][status] GET https://firebase.googleapis.com/v1beta1/projects/lense-store/adminSdkConfig 200
[debug] [2022-03-03T06:55:35.897Z] <<< [apiv2][body] GET https://firebase.googleapis.com/v1beta1/projects/lense-store/adminSdkConfig {"projectId":"lense-store","storageBucket":"lense-store.appspot.com","locationId":"us-central"}
[warn] !  ui: Emulator UI unable to start on port 4000, starting on 4002 instead. {"metadata":{"emulator":{"name":"ui"},"message":"Emulator UI unable to start on port 4000, starting on 4002 instead."}}
[debug] [2022-03-03T06:55:35.954Z] Ignoring unsupported arg: auto_download {"metadata":{"emulator":{"name":"ui"},"message":"Ignoring unsupported arg: auto_download"}}
[debug] [2022-03-03T06:55:35.954Z] Ignoring unsupported arg: port {"metadata":{"emulator":{"name":"ui"},"message":"Ignoring unsupported arg: port"}}
[debug] [2022-03-03T06:55:35.954Z] Starting Emulator UI with command {"binary":"node","args":["C:\\Users\\krist_d6vbucr\\.cache\\firebase\\emulators\\ui-v1.6.5\\server.bundle.js"],"optionalArgs":[],"joinArgs":false} {"metadata":{"emulator":{"name":"ui"},"message":"Starting Emulator UI with command {\"binary\":\"node\",\"args\":[\"C:\\\\Users\\\\krist_d6vbucr\\\\.cache\\\\firebase\\\\emulators\\\\ui-v1.6.5\\\\server.bundle.js\"],\"optionalArgs\":[],\"joinArgs\":false}"}}
[info] i  ui: Emulator UI logging to ui-debug.log {"metadata":{"emulator":{"name":"ui"},"message":"Emulator UI logging to \u001b[1mui-debug.log\u001b[22m"}}
[debug] [2022-03-03T06:55:36.178Z] Web / API server started at localhost:4002
 {"metadata":{"emulator":{"name":"ui"},"message":"Web / API server started at localhost:4002\n"}}
[info] i  functions: Watching "F:\ReactProject\projects\lensstore\functions" for Cloud Functions... {"metadata":{"emulator":{"name":"functions"},"message":"Watching \"F:\\ReactProject\\projects\\lensstore\\functions\" for Cloud Functions..."}}
[debug] [2022-03-03T06:55:36.247Z] Validating nodejs source
[debug] [2022-03-03T06:55:45.005Z] > [functions] package.json contents: {
  "name": "functions",
  "description": "Cloud Functions for Firebase",
  "scripts": {
    "lint": "eslint .",
    "serve": "firebase emulators:start --only functions",
    "shell": "firebase functions:shell",
    "start": "npm run shell",
    "deploy": "firebase deploy --only functions",
    "logs": "firebase functions:log"
  },
  "engines": {
    "node": "16"
  },
  "main": "index.js",
  "dependencies": {
    "cors": "^2.8.5",
    "express": "^4.17.3",
    "firebase-admin": "^9.8.0",
    "firebase-functions": "^3.14.1",
    "stripe": "^8.206.0"
  },
  "devDependencies": {
    "eslint": "^7.6.0",
    "eslint-config-google": "^0.14.0",
    "firebase-functions-test": "^0.2.0"
  },
  "private": true
}
[debug] [2022-03-03T06:55:45.005Z] Building nodejs source
[debug] [2022-03-03T06:55:45.006Z] Analyzing nodejs backend spec
[info] +  functions[us-central1-api]: http function initialized (http://localhost:5001/lense-store/us-central1/api). {"metadata":{"emulator":{"name":"functions"},"message":"\u001b[1mhttp\u001b[22m function initialized (http://localhost:5001/lense-store/us-central1/api)."}}
[info] 
┌─────────────────────────────────────────────────────────────┐
│ ✔  All emulators ready! It is now safe to connect your app. │
│ i  View Emulator UI at http://localhost:4002                │
└─────────────────────────────────────────────────────────────┘

┌───────────┬────────────────┬─────────────────────────────────┐
│ Emulator  │ Host:Port      │ View in Emulator UI             │
├───────────┼────────────────┼─────────────────────────────────┤
│ Functions │ localhost:5001 │ http://localhost:4002/functions │
└───────────┴────────────────┴─────────────────────────────────┘
  Emulator Hub running at localhost:4400
  Other reserved ports: 4500

Issues? Report them at https://github.com/firebase/firebase-tools/issues and attach the *-debug.log files.
 
[debug] [2022-03-03T06:59:29.450Z] [work-queue] {"queueLength":1,"workRunningCount":0}
[debug] [2022-03-03T06:59:29.452Z] [work-queue] {"queueLength":0,"workRunningCount":1}
[debug] [2022-03-03T06:59:29.453Z] Accepted request POST /lense-store/us-central1/api/payments/create?total=429900 --> us-central1-api
[debug] [2022-03-03T06:59:29.487Z] [worker-pool] addWorker(us-central1-api) {"metadata":{"emulator":{"name":"functions"},"message":"[worker-pool] addWorker(us-central1-api)"}}
[debug] [2022-03-03T06:59:29.488Z] [worker-pool] Adding worker with key us-central1-api, total=1 {"metadata":{"emulator":{"name":"functions"},"message":"[worker-pool] Adding worker with key us-central1-api, total=1"}}
[debug] [2022-03-03T06:59:29.488Z] [worker-pool] submitWork(triggerId=us-central1-api) {"metadata":{"emulator":{"name":"functions"},"message":"[worker-pool] submitWork(triggerId=us-central1-api)"}}
[debug] [2022-03-03T06:59:29.490Z] [worker-us-central1-api-f3821f6e-0c05-4789-9d74-8e03523d85c1]: Assigning socketPath: \\?\pipe\F:\ReactProject\projects\lensstore\functions\18208 {"metadata":{"emulator":{"name":"functions"},"message":"[worker-us-central1-api-f3821f6e-0c05-4789-9d74-8e03523d85c1]: Assigning socketPath: \\\\?\\pipe\\F:\\ReactProject\\projects\\lensstore\\functions\\18208"}}
[debug] [2022-03-03T06:59:29.491Z] [worker-us-central1-api-f3821f6e-0c05-4789-9d74-8e03523d85c1]: BUSY {"metadata":{"emulator":{"name":"functions"},"message":"[worker-us-central1-api-f3821f6e-0c05-4789-9d74-8e03523d85c1]: BUSY"}}
[debug] [2022-03-03T06:59:34.193Z] [runtime-status] [18208] Functions runtime initialized. {"cwd":"F:\\ReactProject\\projects\\lensstore\\functions","node_version":"14.16.1"} {"metadata":{"emulator":{"name":"functions"},"function":{"name":"us-central1-api"},"message":"[runtime-status] [18208] Functions runtime initialized. {\"cwd\":\"F:\\\\ReactProject\\\\projects\\\\lensstore\\\\functions\",\"node_version\":\"14.16.1\"}"}}
[debug] [2022-03-03T06:59:34.199Z] [runtime-status] [18208] Disabled runtime features: undefined {"metadata":{"emulator":{"name":"functions"},"function":{"name":"us-central1-api"},"message":"[runtime-status] [18208] Disabled runtime features: undefined"}}
[debug] [2022-03-03T06:59:34.855Z] [runtime-status] [18208] Resolved module firebase-admin {"declared":true,"installed":true,"version":"9.12.0","resolution":"F:\\ReactProject\\projects\\lensstore\\functions\\node_modules\\firebase-admin\\lib\\index.js"} {"metadata":{"emulator":{"name":"functions"},"function":{"name":"us-central1-api"},"message":"[runtime-status] [18208] Resolved module firebase-admin {\"declared\":true,\"installed\":true,\"version\":\"9.12.0\",\"resolution\":\"F:\\\\ReactProject\\\\projects\\\\lensstore\\\\functions\\\\node_modules\\\\firebase-admin\\\\lib\\\\index.js\"}"}}
[debug] [2022-03-03T06:59:35.139Z] [runtime-status] [18208] Resolved module firebase-functions {"declared":true,"installed":true,"version":"3.18.1","resolution":"F:\\ReactProject\\projects\\lensstore\\functions\\node_modules\\firebase-functions\\lib\\index.js"} {"metadata":{"emulator":{"name":"functions"},"function":{"name":"us-central1-api"},"message":"[runtime-status] [18208] Resolved module firebase-functions {\"declared\":true,\"installed\":true,\"version\":\"3.18.1\",\"resolution\":\"F:\\\\ReactProject\\\\projects\\\\lensstore\\\\functions\\\\node_modules\\\\firebase-functions\\\\lib\\\\index.js\"}"}}
[debug] [2022-03-03T06:59:35.139Z] [runtime-status] [18208] Outgoing network have been stubbed. [{"name":"http","status":"mocked"},{"name":"http","status":"mocked"},{"name":"https","status":"mocked"},{"name":"https","status":"mocked"},{"name":"net","status":"mocked"}] {"metadata":{"emulator":{"name":"functions"},"function":{"name":"us-central1-api"},"message":"[runtime-status] [18208] Outgoing network have been stubbed. [{\"name\":\"http\",\"status\":\"mocked\"},{\"name\":\"http\",\"status\":\"mocked\"},{\"name\":\"https\",\"status\":\"mocked\"},{\"name\":\"https\",\"status\":\"mocked\"},{\"name\":\"net\",\"status\":\"mocked\"}]"}}
[debug] [2022-03-03T06:59:35.141Z] [runtime-status] [18208] Resolved module firebase-functions {"declared":true,"installed":true,"version":"3.18.1","resolution":"F:\\ReactProject\\projects\\lensstore\\functions\\node_modules\\firebase-functions\\lib\\index.js"} {"metadata":{"emulator":{"name":"functions"},"function":{"name":"us-central1-api"},"message":"[runtime-status] [18208] Resolved module firebase-functions {\"declared\":true,\"installed\":true,\"version\":\"3.18.1\",\"resolution\":\"F:\\\\ReactProject\\\\projects\\\\lensstore\\\\functions\\\\node_modules\\\\firebase-functions\\\\lib\\\\index.js\"}"}}
[debug] [2022-03-03T06:59:40.753Z] [runtime-status] [18208] Checked functions.config() {"config":{}} {"metadata":{"emulator":{"name":"functions"},"function":{"name":"us-central1-api"},"message":"[runtime-status] [18208] Checked functions.config() {\"config\":{}}"}}
[debug] [2022-03-03T06:59:40.754Z] [runtime-status] [18208] firebase-functions has been stubbed. {"functionsResolution":{"declared":true,"installed":true,"version":"3.18.1","resolution":"F:\\ReactProject\\projects\\lensstore\\functions\\node_modules\\firebase-functions\\lib\\index.js"}} {"metadata":{"emulator":{"name":"functions"},"function":{"name":"us-central1-api"},"message":"[runtime-status] [18208] firebase-functions has been stubbed. {\"functionsResolution\":{\"declared\":true,\"installed\":true,\"version\":\"3.18.1\",\"resolution\":\"F:\\\\ReactProject\\\\projects\\\\lensstore\\\\functions\\\\node_modules\\\\firebase-functions\\\\lib\\\\index.js\"}}"}}
[debug] [2022-03-03T06:59:40.756Z] [runtime-status] [18208] Resolved module firebase-functions {"declared":true,"installed":true,"version":"3.18.1","resolution":"F:\\ReactProject\\projects\\lensstore\\functions\\node_modules\\firebase-functions\\lib\\index.js"} {"metadata":{"emulator":{"name":"functions"},"function":{"name":"us-central1-api"},"message":"[runtime-status] [18208] Resolved module firebase-functions {\"declared\":true,\"installed\":true,\"version\":\"3.18.1\",\"resolution\":\"F:\\\\ReactProject\\\\projects\\\\lensstore\\\\functions\\\\node_modules\\\\firebase-functions\\\\lib\\\\index.js\"}"}}
[debug] [2022-03-03T06:59:40.759Z] [runtime-status] [18208] Resolved module firebase-admin {"declared":true,"installed":true,"version":"9.12.0","resolution":"F:\\ReactProject\\projects\\lensstore\\functions\\node_modules\\firebase-admin\\lib\\index.js"} {"metadata":{"emulator":{"name":"functions"},"function":{"name":"us-central1-api"},"message":"[runtime-status] [18208] Resolved module firebase-admin {\"declared\":true,\"installed\":true,\"version\":\"9.12.0\",\"resolution\":\"F:\\\\ReactProject\\\\projects\\\\lensstore\\\\functions\\\\node_modules\\\\firebase-admin\\\\lib\\\\index.js\"}"}}
[debug] [2022-03-03T06:59:40.761Z] [runtime-status] [18208] Resolved module firebase-functions {"declared":true,"installed":true,"version":"3.18.1","resolution":"F:\\ReactProject\\projects\\lensstore\\functions\\node_modules\\firebase-functions\\lib\\index.js"} {"metadata":{"emulator":{"name":"functions"},"function":{"name":"us-central1-api"},"message":"[runtime-status] [18208] Resolved module firebase-functions {\"declared\":true,\"installed\":true,\"version\":\"3.18.1\",\"resolution\":\"F:\\\\ReactProject\\\\projects\\\\lensstore\\\\functions\\\\node_modules\\\\firebase-functions\\\\lib\\\\index.js\"}"}}
[debug] [2022-03-03T06:59:40.761Z] [runtime-status] [18208] firebase-admin has been stubbed. {"adminResolution":{"declared":true,"installed":true,"version":"9.12.0","resolution":"F:\\ReactProject\\projects\\lensstore\\functions\\node_modules\\firebase-admin\\lib\\index.js"}} {"metadata":{"emulator":{"name":"functions"},"function":{"name":"us-central1-api"},"message":"[runtime-status] [18208] firebase-admin has been stubbed. {\"adminResolution\":{\"declared\":true,\"installed\":true,\"version\":\"9.12.0\",\"resolution\":\"F:\\\\ReactProject\\\\projects\\\\lensstore\\\\functions\\\\node_modules\\\\firebase-admin\\\\lib\\\\index.js\"}}"}}
[debug] [2022-03-03T06:59:48.749Z] [runtime-status] [18208] Beginning invocation function api! {"metadata":{"emulator":{"name":"functions"},"function":{"name":"us-central1-api"},"message":"[runtime-status] [18208] Beginning invocation function api!"}}
[info] i  functions: Beginning execution of "api" {"metadata":{"emulator":{"name":"functions"},"function":{"name":"us-central1-api"},"message":"Beginning execution of \"api\""}}
[debug] [2022-03-03T06:59:48.756Z] [runtime-status] [18208] Running api in signature http {"metadata":{"emulator":{"name":"functions"},"function":{"name":"us-central1-api"},"message":"[runtime-status] [18208] Running api in signature http"}}
[debug] [2022-03-03T06:59:48.766Z] [runtime-status] [18208] Attempting to listen to socketPath: \\?\pipe\F:\ReactProject\projects\lensstore\functions\18208 {"metadata":{"emulator":{"name":"functions"},"function":{"name":"us-central1-api"},"message":"[runtime-status] [18208] Attempting to listen to socketPath: \\\\?\\pipe\\F:\\ReactProject\\projects\\lensstore\\functions\\18208"}}
[debug] [2022-03-03T06:59:48.786Z] [functions] Runtime ready! Sending request! {"metadata":{"emulator":{"name":"functions"},"message":"[functions] Runtime ready! Sending request!"}}
[debug] [2022-03-03T06:59:48.789Z] [functions] Got req.url=/lense-store/us-central1/api/payments/create?total=429900, mapping to path=/payments/create?total=429900 {"metadata":{"emulator":{"name":"functions"},"message":"[functions] Got req.url=/lense-store/us-central1/api/payments/create?total=429900, mapping to path=/payments/create?total=429900"}}
[debug] [2022-03-03T06:59:48.822Z] [runtime-status] [18208] Ephemeral server handling POST request {"metadata":{"emulator":{"name":"functions"},"function":{"name":"us-central1-api"},"message":"[runtime-status] [18208] Ephemeral server handling POST request"}}
[info] >  Payment Request Recieved. for this amount  429900 {"user":"Payment Request Recieved. for this amount  429900","metadata":{"emulator":{"name":"functions"},"function":{"name":"us-central1-api"},"message":"\u001b[90m> \u001b[39m Payment Request Recieved. for this amount  429900"}}
[debug] [2022-03-03T06:59:48.854Z] [runtime-status] [18208] Ephemeral server survived. {"metadata":{"emulator":{"name":"functions"},"function":{"name":"us-central1-api"},"message":"[runtime-status] [18208] Ephemeral server survived."}}
[info] i  functions: Finished "api" in ~1s {"metadata":{"emulator":{"name":"functions"},"function":{"name":"us-central1-api"},"message":"Finished \"api\" in ~1s"}}
[debug] [2022-03-03T06:59:49.525Z] [worker-us-central1-api-f3821f6e-0c05-4789-9d74-8e03523d85c1]: IDLE {"metadata":{"emulator":{"name":"functions"},"message":"[worker-us-central1-api-f3821f6e-0c05-4789-9d74-8e03523d85c1]: IDLE"}}
[debug] [2022-03-03T06:59:49.527Z] [work-queue] {"queueLength":0,"workRunningCount":0}
[debug] [2022-03-03T07:01:39.517Z] [work-queue] {"queueLength":1,"workRunningCount":0}
[debug] [2022-03-03T07:01:39.517Z] [work-queue] {"queueLength":0,"workRunningCount":1}
[debug] [2022-03-03T07:01:39.517Z] Accepted request POST /lense-store/us-central1/api/payments/create?total=0 --> us-central1-api
[debug] [2022-03-03T07:01:39.517Z] [worker-pool] submitWork(triggerId=us-central1-api) {"metadata":{"emulator":{"name":"functions"},"message":"[worker-pool] submitWork(triggerId=us-central1-api)"}}
[debug] [2022-03-03T07:01:39.517Z] [worker-us-central1-api-f3821f6e-0c05-4789-9d74-8e03523d85c1]: Assigning socketPath: \\?\pipe\F:\ReactProject\projects\lensstore\functions\18208 {"metadata":{"emulator":{"name":"functions"},"message":"[worker-us-central1-api-f3821f6e-0c05-4789-9d74-8e03523d85c1]: Assigning socketPath: \\\\?\\pipe\\F:\\ReactProject\\projects\\lensstore\\functions\\18208"}}
[debug] [2022-03-03T07:01:39.518Z] [worker-us-central1-api-f3821f6e-0c05-4789-9d74-8e03523d85c1]: BUSY {"metadata":{"emulator":{"name":"functions"},"message":"[worker-us-central1-api-f3821f6e-0c05-4789-9d74-8e03523d85c1]: BUSY"}}
[debug] [2022-03-03T07:01:39.519Z] [runtime-status] [18208] Beginning invocation function api! {"metadata":{"emulator":{"name":"functions"},"function":{"name":"us-central1-api"},"message":"[runtime-status] [18208] Beginning invocation function api!"}}
[info] i  functions: Beginning execution of "api" {"metadata":{"emulator":{"name":"functions"},"function":{"name":"us-central1-api"},"message":"Beginning execution of \"api\""}}
[debug] [2022-03-03T07:01:39.522Z] [runtime-status] [18208] Running api in signature http {"metadata":{"emulator":{"name":"functions"},"function":{"name":"us-central1-api"},"message":"[runtime-status] [18208] Running api in signature http"}}
[debug] [2022-03-03T07:01:39.522Z] [runtime-status] [18208] Attempting to listen to socketPath: \\?\pipe\F:\ReactProject\projects\lensstore\functions\18208 {"metadata":{"emulator":{"name":"functions"},"function":{"name":"us-central1-api"},"message":"[runtime-status] [18208] Attempting to listen to socketPath: \\\\?\\pipe\\F:\\ReactProject\\projects\\lensstore\\functions\\18208"}}
[debug] [2022-03-03T07:01:39.526Z] [functions] Runtime ready! Sending request! {"metadata":{"emulator":{"name":"functions"},"message":"[functions] Runtime ready! Sending request!"}}
[debug] [2022-03-03T07:01:39.527Z] [functions] Got req.url=/lense-store/us-central1/api/payments/create?total=0, mapping to path=/payments/create?total=0 {"metadata":{"emulator":{"name":"functions"},"message":"[functions] Got req.url=/lense-store/us-central1/api/payments/create?total=0, mapping to path=/payments/create?total=0"}}
[debug] [2022-03-03T07:01:39.531Z] [runtime-status] [18208] Ephemeral server handling POST request {"metadata":{"emulator":{"name":"functions"},"function":{"name":"us-central1-api"},"message":"[runtime-status] [18208] Ephemeral server handling POST request"}}
[info] >  Payment Request Recieved. for this amount  0 {"user":"Payment Request Recieved. for this amount  0","metadata":{"emulator":{"name":"functions"},"function":{"name":"us-central1-api"},"message":"\u001b[90m> \u001b[39m Payment Request Recieved. for this amount  0"}}
[debug] [2022-03-03T07:01:39.535Z] [runtime-status] [18208] Ephemeral server survived. {"metadata":{"emulator":{"name":"functions"},"function":{"name":"us-central1-api"},"message":"[runtime-status] [18208] Ephemeral server survived."}}
[info] >  (node:18208) UnhandledPromiseRejectionWarning: Error: This value must be greater than or equal to 1. {"user":"(node:18208) UnhandledPromiseRejectionWarning: Error: This value must be greater than or equal to 1.","metadata":{"emulator":{"name":"functions"},"function":{"name":"us-central1-api"},"message":"\u001b[90m> \u001b[39m (node:18208) UnhandledPromiseRejectionWarning: Error: This value must be greater than or equal to 1."}}
[info] >      at Function.generate (F:\ReactProject\projects\lensstore\functions\node_modules\stripe\lib\Error.js:40:16) {"user":"    at Function.generate (F:\\ReactProject\\projects\\lensstore\\functions\\node_modules\\stripe\\lib\\Error.js:40:16)","metadata":{"emulator":{"name":"functions"},"function":{"name":"us-central1-api"},"message":"\u001b[90m> \u001b[39m     at Function.generate (F:\\ReactProject\\projects\\lensstore\\functions\\node_modules\\stripe\\lib\\Error.js:40:16)"}}
[info] >      at res.toJSON.then.StripeAPIError.message (F:\ReactProject\projects\lensstore\functions\node_modules\stripe\lib\StripeResource.js:220:35) {"user":"    at res.toJSON.then.StripeAPIError.message (F:\\ReactProject\\projects\\lensstore\\functions\\node_modules\\stripe\\lib\\StripeResource.js:220:35)","metadata":{"emulator":{"name":"functions"},"function":{"name":"us-central1-api"},"message":"\u001b[90m> \u001b[39m     at res.toJSON.then.StripeAPIError.message (F:\\ReactProject\\projects\\lensstore\\functions\\node_modules\\stripe\\lib\\StripeResource.js:220:35)"}}
[info] >      at processTicksAndRejections (internal/process/task_queues.js:93:5) {"user":"    at processTicksAndRejections (internal/process/task_queues.js:93:5)","metadata":{"emulator":{"name":"functions"},"function":{"name":"us-central1-api"},"message":"\u001b[90m> \u001b[39m     at processTicksAndRejections (internal/process/task_queues.js:93:5)"}}
[info] >  (Use `node --trace-warnings ...` to show where the warning was created) {"user":"(Use `node --trace-warnings ...` to show where the warning was created)","metadata":{"emulator":{"name":"functions"},"function":{"name":"us-central1-api"},"message":"\u001b[90m> \u001b[39m (Use `node --trace-warnings ...` to show where the warning was created)"}}
[info] >  (node:18208) UnhandledPromiseRejectionWarning: Unhandled promise rejection. This error originated either by throwing inside of an async function without a catch block, or by rejecting a promise which was not handled with .catch(). To terminate the node process on unhandled promise rejection, use the CLI flag `--unhandled-rejections=strict` (see https://nodejs.org/api/cli.html#cli_unhandled_rejections_mode). (rejection id: 1) {"user":"(node:18208) UnhandledPromiseRejectionWarning: Unhandled promise rejection. This error originated either by throwing inside of an async function without a catch block, or by rejecting a promise which was not handled with .catch(). To terminate the node process on unhandled promise rejection, use the CLI flag `--unhandled-rejections=strict` (see https://nodejs.org/api/cli.html#cli_unhandled_rejections_mode). (rejection id: 1)","metadata":{"emulator":{"name":"functions"},"function":{"name":"us-central1-api"},"message":"\u001b[90m> \u001b[39m (node:18208) UnhandledPromiseRejectionWarning: Unhandled promise rejection. This error originated either by throwing inside of an async function without a catch block, or by rejecting a promise which was not handled with .catch(). To terminate the node process on unhandled promise rejection, use the CLI flag `--unhandled-rejections=strict` (see https://nodejs.org/api/cli.html#cli_unhandled_rejections_mode). (rejection id: 1)"}}
[info] >  (node:18208) [DEP0018] DeprecationWarning: Unhandled promise rejections are deprecated. In the future, promise rejections that are not handled will terminate the Node.js process with a non-zero exit code. {"user":"(node:18208) [DEP0018] DeprecationWarning: Unhandled promise rejections are deprecated. In the future, promise rejections that are not handled will terminate the Node.js process with a non-zero exit code.","metadata":{"emulator":{"name":"functions"},"function":{"name":"us-central1-api"},"message":"\u001b[90m> \u001b[39m (node:18208) [DEP0018] DeprecationWarning: Unhandled promise rejections are deprecated. In the future, promise rejections that are not handled will terminate the Node.js process with a non-zero exit code."}}
[debug] [2022-03-03T07:02:14.186Z] [work-queue] {"queueLength":1,"workRunningCount":1}
[debug] [2022-03-03T07:02:14.187Z] [work-queue] {"queueLength":0,"workRunningCount":2}
[debug] [2022-03-03T07:02:14.187Z] Accepted request POST /lense-store/us-central1/api/payments/create?total=129900 --> us-central1-api
[debug] [2022-03-03T07:02:14.295Z] [worker-pool] addWorker(us-central1-api) {"metadata":{"emulator":{"name":"functions"},"message":"[worker-pool] addWorker(us-central1-api)"}}
[debug] [2022-03-03T07:02:14.296Z] [worker-pool] Adding worker with key us-central1-api, total=2 {"metadata":{"emulator":{"name":"functions"},"message":"[worker-pool] Adding worker with key us-central1-api, total=2"}}
[debug] [2022-03-03T07:02:14.297Z] [worker-pool] submitWork(triggerId=us-central1-api) {"metadata":{"emulator":{"name":"functions"},"message":"[worker-pool] submitWork(triggerId=us-central1-api)"}}
[debug] [2022-03-03T07:02:14.409Z] [worker-us-central1-api-c8304c4d-9b7a-4ea5-b36e-3630a9cfd8d0]: Assigning socketPath: \\?\pipe\F:\ReactProject\projects\lensstore\functions\32780 {"metadata":{"emulator":{"name":"functions"},"message":"[worker-us-central1-api-c8304c4d-9b7a-4ea5-b36e-3630a9cfd8d0]: Assigning socketPath: \\\\?\\pipe\\F:\\ReactProject\\projects\\lensstore\\functions\\32780"}}
[debug] [2022-03-03T07:02:14.410Z] [worker-us-central1-api-c8304c4d-9b7a-4ea5-b36e-3630a9cfd8d0]: BUSY {"metadata":{"emulator":{"name":"functions"},"message":"[worker-us-central1-api-c8304c4d-9b7a-4ea5-b36e-3630a9cfd8d0]: BUSY"}}
[debug] [2022-03-03T07:02:32.602Z] [runtime-status] [32780] Functions runtime initialized. {"cwd":"F:\\ReactProject\\projects\\lensstore\\functions","node_version":"14.16.1"} {"metadata":{"emulator":{"name":"functions"},"function":{"name":"us-central1-api"},"message":"[runtime-status] [32780] Functions runtime initialized. {\"cwd\":\"F:\\\\ReactProject\\\\projects\\\\lensstore\\\\functions\",\"node_version\":\"14.16.1\"}"}}
[debug] [2022-03-03T07:02:32.604Z] [runtime-status] [32780] Disabled runtime features: undefined {"metadata":{"emulator":{"name":"functions"},"function":{"name":"us-central1-api"},"message":"[runtime-status] [32780] Disabled runtime features: undefined"}}
[debug] [2022-03-03T07:02:32.706Z] [runtime-status] [32780] Resolved module firebase-admin {"declared":true,"installed":true,"version":"9.12.0","resolution":"F:\\ReactProject\\projects\\lensstore\\functions\\node_modules\\firebase-admin\\lib\\index.js"} {"metadata":{"emulator":{"name":"functions"},"function":{"name":"us-central1-api"},"message":"[runtime-status] [32780] Resolved module firebase-admin {\"declared\":true,\"installed\":true,\"version\":\"9.12.0\",\"resolution\":\"F:\\\\ReactProject\\\\projects\\\\lensstore\\\\functions\\\\node_modules\\\\firebase-admin\\\\lib\\\\index.js\"}"}}
[debug] [2022-03-03T07:02:32.714Z] [runtime-status] [32780] Resolved module firebase-functions {"declared":true,"installed":true,"version":"3.18.1","resolution":"F:\\ReactProject\\projects\\lensstore\\functions\\node_modules\\firebase-functions\\lib\\index.js"} {"metadata":{"emulator":{"name":"functions"},"function":{"name":"us-central1-api"},"message":"[runtime-status] [32780] Resolved module firebase-functions {\"declared\":true,\"installed\":true,\"version\":\"3.18.1\",\"resolution\":\"F:\\\\ReactProject\\\\projects\\\\lensstore\\\\functions\\\\node_modules\\\\firebase-functions\\\\lib\\\\index.js\"}"}}
[debug] [2022-03-03T07:02:32.715Z] [runtime-status] [32780] Outgoing network have been stubbed. [{"name":"http","status":"mocked"},{"name":"http","status":"mocked"},{"name":"https","status":"mocked"},{"name":"https","status":"mocked"},{"name":"net","status":"mocked"}] {"metadata":{"emulator":{"name":"functions"},"function":{"name":"us-central1-api"},"message":"[runtime-status] [32780] Outgoing network have been stubbed. [{\"name\":\"http\",\"status\":\"mocked\"},{\"name\":\"http\",\"status\":\"mocked\"},{\"name\":\"https\",\"status\":\"mocked\"},{\"name\":\"https\",\"status\":\"mocked\"},{\"name\":\"net\",\"status\":\"mocked\"}]"}}
[debug] [2022-03-03T07:02:32.717Z] [runtime-status] [32780] Resolved module firebase-functions {"declared":true,"installed":true,"version":"3.18.1","resolution":"F:\\ReactProject\\projects\\lensstore\\functions\\node_modules\\firebase-functions\\lib\\index.js"} {"metadata":{"emulator":{"name":"functions"},"function":{"name":"us-central1-api"},"message":"[runtime-status] [32780] Resolved module firebase-functions {\"declared\":true,\"installed\":true,\"version\":\"3.18.1\",\"resolution\":\"F:\\\\ReactProject\\\\projects\\\\lensstore\\\\functions\\\\node_modules\\\\firebase-functions\\\\lib\\\\index.js\"}"}}
[debug] [2022-03-03T07:02:33.239Z] [runtime-status] [32780] Checked functions.config() {"config":{}} {"metadata":{"emulator":{"name":"functions"},"function":{"name":"us-central1-api"},"message":"[runtime-status] [32780] Checked functions.config() {\"config\":{}}"}}
[debug] [2022-03-03T07:02:33.240Z] [runtime-status] [32780] firebase-functions has been stubbed. {"functionsResolution":{"declared":true,"installed":true,"version":"3.18.1","resolution":"F:\\ReactProject\\projects\\lensstore\\functions\\node_modules\\firebase-functions\\lib\\index.js"}} {"metadata":{"emulator":{"name":"functions"},"function":{"name":"us-central1-api"},"message":"[runtime-status] [32780] firebase-functions has been stubbed. {\"functionsResolution\":{\"declared\":true,\"installed\":true,\"version\":\"3.18.1\",\"resolution\":\"F:\\\\ReactProject\\\\projects\\\\lensstore\\\\functions\\\\node_modules\\\\firebase-functions\\\\lib\\\\index.js\"}}"}}
[debug] [2022-03-03T07:02:33.245Z] [runtime-status] [32780] Resolved module firebase-functions {"declared":true,"installed":true,"version":"3.18.1","resolution":"F:\\ReactProject\\projects\\lensstore\\functions\\node_modules\\firebase-functions\\lib\\index.js"} {"metadata":{"emulator":{"name":"functions"},"function":{"name":"us-central1-api"},"message":"[runtime-status] [32780] Resolved module firebase-functions {\"declared\":true,\"installed\":true,\"version\":\"3.18.1\",\"resolution\":\"F:\\\\ReactProject\\\\projects\\\\lensstore\\\\functions\\\\node_modules\\\\firebase-functions\\\\lib\\\\index.js\"}"}}
[debug] [2022-03-03T07:02:33.248Z] [runtime-status] [32780] Resolved module firebase-admin {"declared":true,"installed":true,"version":"9.12.0","resolution":"F:\\ReactProject\\projects\\lensstore\\functions\\node_modules\\firebase-admin\\lib\\index.js"} {"metadata":{"emulator":{"name":"functions"},"function":{"name":"us-central1-api"},"message":"[runtime-status] [32780] Resolved module firebase-admin {\"declared\":true,\"installed\":true,\"version\":\"9.12.0\",\"resolution\":\"F:\\\\ReactProject\\\\projects\\\\lensstore\\\\functions\\\\node_modules\\\\firebase-admin\\\\lib\\\\index.js\"}"}}
[debug] [2022-03-03T07:02:33.249Z] [runtime-status] [32780] Resolved module firebase-functions {"declared":true,"installed":true,"version":"3.18.1","resolution":"F:\\ReactProject\\projects\\lensstore\\functions\\node_modules\\firebase-functions\\lib\\index.js"} {"metadata":{"emulator":{"name":"functions"},"function":{"name":"us-central1-api"},"message":"[runtime-status] [32780] Resolved module firebase-functions {\"declared\":true,\"installed\":true,\"version\":\"3.18.1\",\"resolution\":\"F:\\\\ReactProject\\\\projects\\\\lensstore\\\\functions\\\\node_modules\\\\firebase-functions\\\\lib\\\\index.js\"}"}}
[debug] [2022-03-03T07:02:33.250Z] [runtime-status] [32780] firebase-admin has been stubbed. {"adminResolution":{"declared":true,"installed":true,"version":"9.12.0","resolution":"F:\\ReactProject\\projects\\lensstore\\functions\\node_modules\\firebase-admin\\lib\\index.js"}} {"metadata":{"emulator":{"name":"functions"},"function":{"name":"us-central1-api"},"message":"[runtime-status] [32780] firebase-admin has been stubbed. {\"adminResolution\":{\"declared\":true,\"installed\":true,\"version\":\"9.12.0\",\"resolution\":\"F:\\\\ReactProject\\\\projects\\\\lensstore\\\\functions\\\\node_modules\\\\firebase-admin\\\\lib\\\\index.js\"}}"}}
[debug] [2022-03-03T07:02:34.696Z] [runtime-status] [32780] Beginning invocation function api! {"metadata":{"emulator":{"name":"functions"},"function":{"name":"us-central1-api"},"message":"[runtime-status] [32780] Beginning invocation function api!"}}
[info] i  functions: Beginning execution of "api" {"metadata":{"emulator":{"name":"functions"},"function":{"name":"us-central1-api"},"message":"Beginning execution of \"api\""}}
[debug] [2022-03-03T07:02:34.698Z] [runtime-status] [32780] Running api in signature http {"metadata":{"emulator":{"name":"functions"},"function":{"name":"us-central1-api"},"message":"[runtime-status] [32780] Running api in signature http"}}
[debug] [2022-03-03T07:02:34.703Z] [runtime-status] [32780] Attempting to listen to socketPath: \\?\pipe\F:\ReactProject\projects\lensstore\functions\32780 {"metadata":{"emulator":{"name":"functions"},"function":{"name":"us-central1-api"},"message":"[runtime-status] [32780] Attempting to listen to socketPath: \\\\?\\pipe\\F:\\ReactProject\\projects\\lensstore\\functions\\32780"}}
[debug] [2022-03-03T07:02:34.740Z] [functions] Runtime ready! Sending request! {"metadata":{"emulator":{"name":"functions"},"message":"[functions] Runtime ready! Sending request!"}}
[debug] [2022-03-03T07:02:34.741Z] [functions] Got req.url=/lense-store/us-central1/api/payments/create?total=129900, mapping to path=/payments/create?total=129900 {"metadata":{"emulator":{"name":"functions"},"message":"[functions] Got req.url=/lense-store/us-central1/api/payments/create?total=129900, mapping to path=/payments/create?total=129900"}}
[debug] [2022-03-03T07:02:34.751Z] [runtime-status] [32780] Ephemeral server handling POST request {"metadata":{"emulator":{"name":"functions"},"function":{"name":"us-central1-api"},"message":"[runtime-status] [32780] Ephemeral server handling POST request"}}
[info] >  Payment Request Recieved. for this amount  129900 {"user":"Payment Request Recieved. for this amount  129900","metadata":{"emulator":{"name":"functions"},"function":{"name":"us-central1-api"},"message":"\u001b[90m> \u001b[39m Payment Request Recieved. for this amount  129900"}}
[debug] [2022-03-03T07:02:34.769Z] [runtime-status] [32780] Ephemeral server survived. {"metadata":{"emulator":{"name":"functions"},"function":{"name":"us-central1-api"},"message":"[runtime-status] [32780] Ephemeral server survived."}}
[info] i  functions: Finished "api" in ~1s {"metadata":{"emulator":{"name":"functions"},"function":{"name":"us-central1-api"},"message":"Finished \"api\" in ~1s"}}
[debug] [2022-03-03T07:02:36.504Z] [worker-us-central1-api-c8304c4d-9b7a-4ea5-b36e-3630a9cfd8d0]: IDLE {"metadata":{"emulator":{"name":"functions"},"message":"[worker-us-central1-api-c8304c4d-9b7a-4ea5-b36e-3630a9cfd8d0]: IDLE"}}
[debug] [2022-03-03T07:02:36.504Z] [work-queue] {"queueLength":0,"workRunningCount":1}
[warn] !  functions: Your function timed out after ~60s. To configure this timeout, see
      https://firebase.google.com/docs/functions/manage-functions#set_timeout_and_memory_allocation. {"metadata":{"emulator":{"name":"functions"},"function":{"name":"us-central1-api"},"message":"Your function timed out after ~60s. To configure this timeout, see\n      https://firebase.google.com/docs/functions/manage-functions#set_timeout_and_memory_allocation."}}
[info] >  C:\Users\krist_d6vbucr\AppData\Roaming\npm\node_modules\firebase-tools\lib\emulator\functionsEmulatorRuntime.js:633 {"user":"C:\\Users\\krist_d6vbucr\\AppData\\Roaming\\npm\\node_modules\\firebase-tools\\lib\\emulator\\functionsEmulatorRuntime.js:633\r","metadata":{"emulator":{"name":"functions"},"function":{"name":"us-central1-api"},"message":"\u001b[90m> \u001b[39m C:\\Users\\krist_d6vbucr\\AppData\\Roaming\\npm\\node_modules\\firebase-tools\\lib\\emulator\\functionsEmulatorRuntime.js:633\r"}}
[info] >              throw new Error("Function timed out."); {"user":"            throw new Error(\"Function timed out.\");\r","metadata":{"emulator":{"name":"functions"},"function":{"name":"us-central1-api"},"message":"\u001b[90m> \u001b[39m             throw new Error(\"Function timed out.\");\r"}}
[info] >              ^ {"user":"            ^\r","metadata":{"emulator":{"name":"functions"},"function":{"name":"us-central1-api"},"message":"\u001b[90m> \u001b[39m             ^\r"}}
[info] >   {"user":"\r","metadata":{"emulator":{"name":"functions"},"function":{"name":"us-central1-api"},"message":"\u001b[90m> \u001b[39m \r"}}
[info] >  Error: Function timed out. {"user":"Error: Function timed out.\r","metadata":{"emulator":{"name":"functions"},"function":{"name":"us-central1-api"},"message":"\u001b[90m> \u001b[39m Error: Function timed out.\r"}}
[info] >      at Timeout._onTimeout (C:\Users\krist_d6vbucr\AppData\Roaming\npm\node_modules\firebase-tools\lib\emulator\functionsEmulatorRuntime.js:633:19) {"user":"    at Timeout._onTimeout (C:\\Users\\krist_d6vbucr\\AppData\\Roaming\\npm\\node_modules\\firebase-tools\\lib\\emulator\\functionsEmulatorRuntime.js:633:19)\r","metadata":{"emulator":{"name":"functions"},"function":{"name":"us-central1-api"},"message":"\u001b[90m> \u001b[39m     at Timeout._onTimeout (C:\\Users\\krist_d6vbucr\\AppData\\Roaming\\npm\\node_modules\\firebase-tools\\lib\\emulator\\functionsEmulatorRuntime.js:633:19)\r"}}
[info] >      at listOnTimeout (internal/timers.js:554:17) {"user":"    at listOnTimeout (internal/timers.js:554:17)\r","metadata":{"emulator":{"name":"functions"},"function":{"name":"us-central1-api"},"message":"\u001b[90m> \u001b[39m     at listOnTimeout (internal/timers.js:554:17)\r"}}
[info] >      at processTimers (internal/timers.js:497:7) {"user":"    at processTimers (internal/timers.js:497:7)\r","metadata":{"emulator":{"name":"functions"},"function":{"name":"us-central1-api"},"message":"\u001b[90m> \u001b[39m     at processTimers (internal/timers.js:497:7)\r"}}
[debug] [2022-03-03T07:02:39.570Z] [worker-us-central1-api-f3821f6e-0c05-4789-9d74-8e03523d85c1]: exited {"metadata":{"emulator":{"name":"functions"},"message":"[worker-us-central1-api-f3821f6e-0c05-4789-9d74-8e03523d85c1]: exited"}}
[debug] [2022-03-03T07:02:39.570Z] [worker-us-central1-api-f3821f6e-0c05-4789-9d74-8e03523d85c1]: FINISHED {"metadata":{"emulator":{"name":"functions"},"message":"[worker-us-central1-api-f3821f6e-0c05-4789-9d74-8e03523d85c1]: FINISHED"}}
[debug] [2022-03-03T07:02:39.570Z] [work-queue] {"queueLength":0,"workRunningCount":0}
[debug] [2022-03-03T07:04:06.002Z] [work-queue] {"queueLength":1,"workRunningCount":0}
[debug] [2022-03-03T07:04:06.002Z] [work-queue] {"queueLength":0,"workRunningCount":1}
[debug] [2022-03-03T07:04:06.002Z] Accepted request POST /lense-store/us-central1/api/payments/create?total=129900 --> us-central1-api
[debug] [2022-03-03T07:04:06.003Z] [worker-pool] Cleaned up workers for us-central1-api: 2 --> 1 {"metadata":{"emulator":{"name":"functions"},"message":"[worker-pool] Cleaned up workers for us-central1-api: 2 --> 1"}}
[debug] [2022-03-03T07:04:06.003Z] [worker-pool] submitWork(triggerId=us-central1-api) {"metadata":{"emulator":{"name":"functions"},"message":"[worker-pool] submitWork(triggerId=us-central1-api)"}}
[debug] [2022-03-03T07:04:06.007Z] [worker-us-central1-api-c8304c4d-9b7a-4ea5-b36e-3630a9cfd8d0]: Assigning socketPath: \\?\pipe\F:\ReactProject\projects\lensstore\functions\32780 {"metadata":{"emulator":{"name":"functions"},"message":"[worker-us-central1-api-c8304c4d-9b7a-4ea5-b36e-3630a9cfd8d0]: Assigning socketPath: \\\\?\\pipe\\F:\\ReactProject\\projects\\lensstore\\functions\\32780"}}
[debug] [2022-03-03T07:04:06.008Z] [worker-us-central1-api-c8304c4d-9b7a-4ea5-b36e-3630a9cfd8d0]: BUSY {"metadata":{"emulator":{"name":"functions"},"message":"[worker-us-central1-api-c8304c4d-9b7a-4ea5-b36e-3630a9cfd8d0]: BUSY"}}
[debug] [2022-03-03T07:04:06.008Z] [runtime-status] [32780] Beginning invocation function api! {"metadata":{"emulator":{"name":"functions"},"function":{"name":"us-central1-api"},"message":"[runtime-status] [32780] Beginning invocation function api!"}}
[info] i  functions: Beginning execution of "api" {"metadata":{"emulator":{"name":"functions"},"function":{"name":"us-central1-api"},"message":"Beginning execution of \"api\""}}
[debug] [2022-03-03T07:04:06.012Z] [runtime-status] [32780] Running api in signature http {"metadata":{"emulator":{"name":"functions"},"function":{"name":"us-central1-api"},"message":"[runtime-status] [32780] Running api in signature http"}}
[debug] [2022-03-03T07:04:06.013Z] [runtime-status] [32780] Attempting to listen to socketPath: \\?\pipe\F:\ReactProject\projects\lensstore\functions\32780 {"metadata":{"emulator":{"name":"functions"},"function":{"name":"us-central1-api"},"message":"[runtime-status] [32780] Attempting to listen to socketPath: \\\\?\\pipe\\F:\\ReactProject\\projects\\lensstore\\functions\\32780"}}
[debug] [2022-03-03T07:04:06.018Z] [functions] Runtime ready! Sending request! {"metadata":{"emulator":{"name":"functions"},"message":"[functions] Runtime ready! Sending request!"}}
[debug] [2022-03-03T07:04:06.018Z] [functions] Got req.url=/lense-store/us-central1/api/payments/create?total=129900, mapping to path=/payments/create?total=129900 {"metadata":{"emulator":{"name":"functions"},"message":"[functions] Got req.url=/lense-store/us-central1/api/payments/create?total=129900, mapping to path=/payments/create?total=129900"}}
[debug] [2022-03-03T07:04:06.020Z] [runtime-status] [32780] Ephemeral server handling POST request {"metadata":{"emulator":{"name":"functions"},"function":{"name":"us-central1-api"},"message":"[runtime-status] [32780] Ephemeral server handling POST request"}}
[info] >  Payment Request Recieved. for this amount  129900 {"user":"Payment Request Recieved. for this amount  129900","metadata":{"emulator":{"name":"functions"},"function":{"name":"us-central1-api"},"message":"\u001b[90m> \u001b[39m Payment Request Recieved. for this amount  129900"}}
[debug] [2022-03-03T07:04:06.024Z] [runtime-status] [32780] Ephemeral server survived. {"metadata":{"emulator":{"name":"functions"},"function":{"name":"us-central1-api"},"message":"[runtime-status] [32780] Ephemeral server survived."}}
[info] i  functions: Finished "api" in ~1s {"metadata":{"emulator":{"name":"functions"},"function":{"name":"us-central1-api"},"message":"Finished \"api\" in ~1s"}}
[debug] [2022-03-03T07:04:06.546Z] [worker-us-central1-api-c8304c4d-9b7a-4ea5-b36e-3630a9cfd8d0]: IDLE {"metadata":{"emulator":{"name":"functions"},"message":"[worker-us-central1-api-c8304c4d-9b7a-4ea5-b36e-3630a9cfd8d0]: IDLE"}}
[debug] [2022-03-03T07:04:06.546Z] [work-queue] {"queueLength":0,"workRunningCount":0}
[debug] [2022-03-03T07:11:22.566Z] [work-queue] {"queueLength":1,"workRunningCount":0}
[debug] [2022-03-03T07:11:22.566Z] [work-queue] {"queueLength":0,"workRunningCount":1}
[debug] [2022-03-03T07:11:22.567Z] Accepted request POST /lense-store/us-central1/api/payments/create?total=0 --> us-central1-api
[debug] [2022-03-03T07:11:22.567Z] [worker-pool] submitWork(triggerId=us-central1-api) {"metadata":{"emulator":{"name":"functions"},"message":"[worker-pool] submitWork(triggerId=us-central1-api)"}}
[debug] [2022-03-03T07:11:22.567Z] [worker-us-central1-api-c8304c4d-9b7a-4ea5-b36e-3630a9cfd8d0]: Assigning socketPath: \\?\pipe\F:\ReactProject\projects\lensstore\functions\32780 {"metadata":{"emulator":{"name":"functions"},"message":"[worker-us-central1-api-c8304c4d-9b7a-4ea5-b36e-3630a9cfd8d0]: Assigning socketPath: \\\\?\\pipe\\F:\\ReactProject\\projects\\lensstore\\functions\\32780"}}
[debug] [2022-03-03T07:11:22.567Z] [worker-us-central1-api-c8304c4d-9b7a-4ea5-b36e-3630a9cfd8d0]: BUSY {"metadata":{"emulator":{"name":"functions"},"message":"[worker-us-central1-api-c8304c4d-9b7a-4ea5-b36e-3630a9cfd8d0]: BUSY"}}
[debug] [2022-03-03T07:11:22.569Z] [runtime-status] [32780] Beginning invocation function api! {"metadata":{"emulator":{"name":"functions"},"function":{"name":"us-central1-api"},"message":"[runtime-status] [32780] Beginning invocation function api!"}}
[info] i  functions: Beginning execution of "api" {"metadata":{"emulator":{"name":"functions"},"function":{"name":"us-central1-api"},"message":"Beginning execution of \"api\""}}
[debug] [2022-03-03T07:11:22.572Z] [runtime-status] [32780] Running api in signature http {"metadata":{"emulator":{"name":"functions"},"function":{"name":"us-central1-api"},"message":"[runtime-status] [32780] Running api in signature http"}}
[debug] [2022-03-03T07:11:22.573Z] [runtime-status] [32780] Attempting to listen to socketPath: \\?\pipe\F:\ReactProject\projects\lensstore\functions\32780 {"metadata":{"emulator":{"name":"functions"},"function":{"name":"us-central1-api"},"message":"[runtime-status] [32780] Attempting to listen to socketPath: \\\\?\\pipe\\F:\\ReactProject\\projects\\lensstore\\functions\\32780"}}
[debug] [2022-03-03T07:11:22.578Z] [functions] Runtime ready! Sending request! {"metadata":{"emulator":{"name":"functions"},"message":"[functions] Runtime ready! Sending request!"}}
[debug] [2022-03-03T07:11:22.578Z] [functions] Got req.url=/lense-store/us-central1/api/payments/create?total=0, mapping to path=/payments/create?total=0 {"metadata":{"emulator":{"name":"functions"},"message":"[functions] Got req.url=/lense-store/us-central1/api/payments/create?total=0, mapping to path=/payments/create?total=0"}}
[debug] [2022-03-03T07:11:22.581Z] [runtime-status] [32780] Ephemeral server handling POST request {"metadata":{"emulator":{"name":"functions"},"function":{"name":"us-central1-api"},"message":"[runtime-status] [32780] Ephemeral server handling POST request"}}
[info] >  Payment Request Recieved. for this amount  0 {"user":"Payment Request Recieved. for this amount  0","metadata":{"emulator":{"name":"functions"},"function":{"name":"us-central1-api"},"message":"\u001b[90m> \u001b[39m Payment Request Recieved. for this amount  0"}}
[debug] [2022-03-03T07:11:22.585Z] [runtime-status] [32780] Ephemeral server survived. {"metadata":{"emulator":{"name":"functions"},"function":{"name":"us-central1-api"},"message":"[runtime-status] [32780] Ephemeral server survived."}}
[info] >  (node:32780) UnhandledPromiseRejectionWarning: Error: This value must be greater than or equal to 1. {"user":"(node:32780) UnhandledPromiseRejectionWarning: Error: This value must be greater than or equal to 1.","metadata":{"emulator":{"name":"functions"},"function":{"name":"us-central1-api"},"message":"\u001b[90m> \u001b[39m (node:32780) UnhandledPromiseRejectionWarning: Error: This value must be greater than or equal to 1."}}
[info] >      at Function.generate (F:\ReactProject\projects\lensstore\functions\node_modules\stripe\lib\Error.js:40:16) {"user":"    at Function.generate (F:\\ReactProject\\projects\\lensstore\\functions\\node_modules\\stripe\\lib\\Error.js:40:16)","metadata":{"emulator":{"name":"functions"},"function":{"name":"us-central1-api"},"message":"\u001b[90m> \u001b[39m     at Function.generate (F:\\ReactProject\\projects\\lensstore\\functions\\node_modules\\stripe\\lib\\Error.js:40:16)"}}
[info] >      at res.toJSON.then.StripeAPIError.message (F:\ReactProject\projects\lensstore\functions\node_modules\stripe\lib\StripeResource.js:220:35) {"user":"    at res.toJSON.then.StripeAPIError.message (F:\\ReactProject\\projects\\lensstore\\functions\\node_modules\\stripe\\lib\\StripeResource.js:220:35)","metadata":{"emulator":{"name":"functions"},"function":{"name":"us-central1-api"},"message":"\u001b[90m> \u001b[39m     at res.toJSON.then.StripeAPIError.message (F:\\ReactProject\\projects\\lensstore\\functions\\node_modules\\stripe\\lib\\StripeResource.js:220:35)"}}
[info] >      at processTicksAndRejections (internal/process/task_queues.js:93:5) {"user":"    at processTicksAndRejections (internal/process/task_queues.js:93:5)","metadata":{"emulator":{"name":"functions"},"function":{"name":"us-central1-api"},"message":"\u001b[90m> \u001b[39m     at processTicksAndRejections (internal/process/task_queues.js:93:5)"}}
[info] >  (Use `node --trace-warnings ...` to show where the warning was created) {"user":"(Use `node --trace-warnings ...` to show where the warning was created)","metadata":{"emulator":{"name":"functions"},"function":{"name":"us-central1-api"},"message":"\u001b[90m> \u001b[39m (Use `node --trace-warnings ...` to show where the warning was created)"}}
[info] >  (node:32780) UnhandledPromiseRejectionWarning: Unhandled promise rejection. This error originated either by throwing inside of an async function without a catch block, or by rejecting a promise which was not handled with .catch(). To terminate the node process on unhandled promise rejection, use the CLI flag `--unhandled-rejections=strict` (see https://nodejs.org/api/cli.html#cli_unhandled_rejections_mode). (rejection id: 1) {"user":"(node:32780) UnhandledPromiseRejectionWarning: Unhandled promise rejection. This error originated either by throwing inside of an async function without a catch block, or by rejecting a promise which was not handled with .catch(). To terminate the node process on unhandled promise rejection, use the CLI flag `--unhandled-rejections=strict` (see https://nodejs.org/api/cli.html#cli_unhandled_rejections_mode). (rejection id: 1)","metadata":{"emulator":{"name":"functions"},"function":{"name":"us-central1-api"},"message":"\u001b[90m> \u001b[39m (node:32780) UnhandledPromiseRejectionWarning: Unhandled promise rejection. This error originated either by throwing inside of an async function without a catch block, or by rejecting a promise which was not handled with .catch(). To terminate the node process on unhandled promise rejection, use the CLI flag `--unhandled-rejections=strict` (see https://nodejs.org/api/cli.html#cli_unhandled_rejections_mode). (rejection id: 1)"}}
[info] >  (node:32780) [DEP0018] DeprecationWarning: Unhandled promise rejections are deprecated. In the future, promise rejections that are not handled will terminate the Node.js process with a non-zero exit code. {"user":"(node:32780) [DEP0018] DeprecationWarning: Unhandled promise rejections are deprecated. In the future, promise rejections that are not handled will terminate the Node.js process with a non-zero exit code.","metadata":{"emulator":{"name":"functions"},"function":{"name":"us-central1-api"},"message":"\u001b[90m> \u001b[39m (node:32780) [DEP0018] DeprecationWarning: Unhandled promise rejections are deprecated. In the future, promise rejections that are not handled will terminate the Node.js process with a non-zero exit code."}}
[warn] !  functions: Your function timed out after ~60s. To configure this timeout, see
      https://firebase.google.com/docs/functions/manage-functions#set_timeout_and_memory_allocation. {"metadata":{"emulator":{"name":"functions"},"function":{"name":"us-central1-api"},"message":"Your function timed out after ~60s. To configure this timeout, see\n      https://firebase.google.com/docs/functions/manage-functions#set_timeout_and_memory_allocation."}}
[info] >  C:\Users\krist_d6vbucr\AppData\Roaming\npm\node_modules\firebase-tools\lib\emulator\functionsEmulatorRuntime.js:633 {"user":"C:\\Users\\krist_d6vbucr\\AppData\\Roaming\\npm\\node_modules\\firebase-tools\\lib\\emulator\\functionsEmulatorRuntime.js:633\r","metadata":{"emulator":{"name":"functions"},"function":{"name":"us-central1-api"},"message":"\u001b[90m> \u001b[39m C:\\Users\\krist_d6vbucr\\AppData\\Roaming\\npm\\node_modules\\firebase-tools\\lib\\emulator\\functionsEmulatorRuntime.js:633\r"}}
[info] >              throw new Error("Function timed out."); {"user":"            throw new Error(\"Function timed out.\");\r","metadata":{"emulator":{"name":"functions"},"function":{"name":"us-central1-api"},"message":"\u001b[90m> \u001b[39m             throw new Error(\"Function timed out.\");\r"}}
[info] >              ^ {"user":"            ^\r","metadata":{"emulator":{"name":"functions"},"function":{"name":"us-central1-api"},"message":"\u001b[90m> \u001b[39m             ^\r"}}
[info] >   {"user":"\r","metadata":{"emulator":{"name":"functions"},"function":{"name":"us-central1-api"},"message":"\u001b[90m> \u001b[39m \r"}}
[info] >  Error: Function timed out. {"user":"Error: Function timed out.\r","metadata":{"emulator":{"name":"functions"},"function":{"name":"us-central1-api"},"message":"\u001b[90m> \u001b[39m Error: Function timed out.\r"}}
[info] >      at Timeout._onTimeout (C:\Users\krist_d6vbucr\AppData\Roaming\npm\node_modules\firebase-tools\lib\emulator\functionsEmulatorRuntime.js:633:19) {"user":"    at Timeout._onTimeout (C:\\Users\\krist_d6vbucr\\AppData\\Roaming\\npm\\node_modules\\firebase-tools\\lib\\emulator\\functionsEmulatorRuntime.js:633:19)\r","metadata":{"emulator":{"name":"functions"},"function":{"name":"us-central1-api"},"message":"\u001b[90m> \u001b[39m     at Timeout._onTimeout (C:\\Users\\krist_d6vbucr\\AppData\\Roaming\\npm\\node_modules\\firebase-tools\\lib\\emulator\\functionsEmulatorRuntime.js:633:19)\r"}}
[info] >      at listOnTimeout (internal/timers.js:554:17) {"user":"    at listOnTimeout (internal/timers.js:554:17)\r","metadata":{"emulator":{"name":"functions"},"function":{"name":"us-central1-api"},"message":"\u001b[90m> \u001b[39m     at listOnTimeout (internal/timers.js:554:17)\r"}}
[info] >      at processTimers (internal/timers.js:497:7) {"user":"    at processTimers (internal/timers.js:497:7)\r","metadata":{"emulator":{"name":"functions"},"function":{"name":"us-central1-api"},"message":"\u001b[90m> \u001b[39m     at processTimers (internal/timers.js:497:7)\r"}}
[debug] [2022-03-03T07:12:22.592Z] [worker-us-central1-api-c8304c4d-9b7a-4ea5-b36e-3630a9cfd8d0]: exited {"metadata":{"emulator":{"name":"functions"},"message":"[worker-us-central1-api-c8304c4d-9b7a-4ea5-b36e-3630a9cfd8d0]: exited"}}
[debug] [2022-03-03T07:12:22.592Z] [worker-us-central1-api-c8304c4d-9b7a-4ea5-b36e-3630a9cfd8d0]: FINISHED {"metadata":{"emulator":{"name":"functions"},"message":"[worker-us-central1-api-c8304c4d-9b7a-4ea5-b36e-3630a9cfd8d0]: FINISHED"}}
[debug] [2022-03-03T07:12:22.592Z] [work-queue] {"queueLength":0,"workRunningCount":0}
[debug] [2022-03-03T07:38:45.193Z] [work-queue] {"queueLength":1,"workRunningCount":0}
[debug] [2022-03-03T07:38:45.200Z] [work-queue] {"queueLength":0,"workRunningCount":1}
[debug] [2022-03-03T07:38:45.200Z] Accepted request POST /lense-store/us-central1/api/payments/create?total=0 --> us-central1-api
[debug] [2022-03-03T07:38:45.200Z] [worker-pool] Cleaned up workers for us-central1-api: 1 --> 0 {"metadata":{"emulator":{"name":"functions"},"message":"[worker-pool] Cleaned up workers for us-central1-api: 1 --> 0"}}
[debug] [2022-03-03T07:38:45.295Z] [worker-pool] addWorker(us-central1-api) {"metadata":{"emulator":{"name":"functions"},"message":"[worker-pool] addWorker(us-central1-api)"}}
[debug] [2022-03-03T07:38:45.296Z] [worker-pool] Adding worker with key us-central1-api, total=1 {"metadata":{"emulator":{"name":"functions"},"message":"[worker-pool] Adding worker with key us-central1-api, total=1"}}
[debug] [2022-03-03T07:38:45.296Z] [worker-pool] submitWork(triggerId=us-central1-api) {"metadata":{"emulator":{"name":"functions"},"message":"[worker-pool] submitWork(triggerId=us-central1-api)"}}
[debug] [2022-03-03T07:38:45.297Z] [worker-us-central1-api-37e11f82-ba77-4610-a36a-862aed613007]: Assigning socketPath: \\?\pipe\F:\ReactProject\projects\lensstore\functions\17060 {"metadata":{"emulator":{"name":"functions"},"message":"[worker-us-central1-api-37e11f82-ba77-4610-a36a-862aed613007]: Assigning socketPath: \\\\?\\pipe\\F:\\ReactProject\\projects\\lensstore\\functions\\17060"}}
[debug] [2022-03-03T07:38:45.298Z] [worker-us-central1-api-37e11f82-ba77-4610-a36a-862aed613007]: BUSY {"metadata":{"emulator":{"name":"functions"},"message":"[worker-us-central1-api-37e11f82-ba77-4610-a36a-862aed613007]: BUSY"}}
[debug] [2022-03-03T07:38:55.022Z] [runtime-status] [17060] Functions runtime initialized. {"cwd":"F:\\ReactProject\\projects\\lensstore\\functions","node_version":"14.16.1"} {"metadata":{"emulator":{"name":"functions"},"function":{"name":"us-central1-api"},"message":"[runtime-status] [17060] Functions runtime initialized. {\"cwd\":\"F:\\\\ReactProject\\\\projects\\\\lensstore\\\\functions\",\"node_version\":\"14.16.1\"}"}}
[debug] [2022-03-03T07:38:55.024Z] [runtime-status] [17060] Disabled runtime features: undefined {"metadata":{"emulator":{"name":"functions"},"function":{"name":"us-central1-api"},"message":"[runtime-status] [17060] Disabled runtime features: undefined"}}
[debug] [2022-03-03T07:38:55.143Z] [runtime-status] [17060] Resolved module firebase-admin {"declared":true,"installed":true,"version":"9.12.0","resolution":"F:\\ReactProject\\projects\\lensstore\\functions\\node_modules\\firebase-admin\\lib\\index.js"} {"metadata":{"emulator":{"name":"functions"},"function":{"name":"us-central1-api"},"message":"[runtime-status] [17060] Resolved module firebase-admin {\"declared\":true,\"installed\":true,\"version\":\"9.12.0\",\"resolution\":\"F:\\\\ReactProject\\\\projects\\\\lensstore\\\\functions\\\\node_modules\\\\firebase-admin\\\\lib\\\\index.js\"}"}}
[debug] [2022-03-03T07:38:55.152Z] [runtime-status] [17060] Resolved module firebase-functions {"declared":true,"installed":true,"version":"3.18.1","resolution":"F:\\ReactProject\\projects\\lensstore\\functions\\node_modules\\firebase-functions\\lib\\index.js"} {"metadata":{"emulator":{"name":"functions"},"function":{"name":"us-central1-api"},"message":"[runtime-status] [17060] Resolved module firebase-functions {\"declared\":true,\"installed\":true,\"version\":\"3.18.1\",\"resolution\":\"F:\\\\ReactProject\\\\projects\\\\lensstore\\\\functions\\\\node_modules\\\\firebase-functions\\\\lib\\\\index.js\"}"}}
[debug] [2022-03-03T07:38:55.155Z] [runtime-status] [17060] Outgoing network have been stubbed. [{"name":"http","status":"mocked"},{"name":"http","status":"mocked"},{"name":"https","status":"mocked"},{"name":"https","status":"mocked"},{"name":"net","status":"mocked"}] {"metadata":{"emulator":{"name":"functions"},"function":{"name":"us-central1-api"},"message":"[runtime-status] [17060] Outgoing network have been stubbed. [{\"name\":\"http\",\"status\":\"mocked\"},{\"name\":\"http\",\"status\":\"mocked\"},{\"name\":\"https\",\"status\":\"mocked\"},{\"name\":\"https\",\"status\":\"mocked\"},{\"name\":\"net\",\"status\":\"mocked\"}]"}}
[debug] [2022-03-03T07:38:55.167Z] [runtime-status] [17060] Resolved module firebase-functions {"declared":true,"installed":true,"version":"3.18.1","resolution":"F:\\ReactProject\\projects\\lensstore\\functions\\node_modules\\firebase-functions\\lib\\index.js"} {"metadata":{"emulator":{"name":"functions"},"function":{"name":"us-central1-api"},"message":"[runtime-status] [17060] Resolved module firebase-functions {\"declared\":true,\"installed\":true,\"version\":\"3.18.1\",\"resolution\":\"F:\\\\ReactProject\\\\projects\\\\lensstore\\\\functions\\\\node_modules\\\\firebase-functions\\\\lib\\\\index.js\"}"}}
[debug] [2022-03-03T07:38:56.900Z] [runtime-status] [17060] Checked functions.config() {"config":{}} {"metadata":{"emulator":{"name":"functions"},"function":{"name":"us-central1-api"},"message":"[runtime-status] [17060] Checked functions.config() {\"config\":{}}"}}
[debug] [2022-03-03T07:38:56.902Z] [runtime-status] [17060] firebase-functions has been stubbed. {"functionsResolution":{"declared":true,"installed":true,"version":"3.18.1","resolution":"F:\\ReactProject\\projects\\lensstore\\functions\\node_modules\\firebase-functions\\lib\\index.js"}} {"metadata":{"emulator":{"name":"functions"},"function":{"name":"us-central1-api"},"message":"[runtime-status] [17060] firebase-functions has been stubbed. {\"functionsResolution\":{\"declared\":true,\"installed\":true,\"version\":\"3.18.1\",\"resolution\":\"F:\\\\ReactProject\\\\projects\\\\lensstore\\\\functions\\\\node_modules\\\\firebase-functions\\\\lib\\\\index.js\"}}"}}
[debug] [2022-03-03T07:38:56.903Z] [runtime-status] [17060] Resolved module firebase-functions {"declared":true,"installed":true,"version":"3.18.1","resolution":"F:\\ReactProject\\projects\\lensstore\\functions\\node_modules\\firebase-functions\\lib\\index.js"} {"metadata":{"emulator":{"name":"functions"},"function":{"name":"us-central1-api"},"message":"[runtime-status] [17060] Resolved module firebase-functions {\"declared\":true,\"installed\":true,\"version\":\"3.18.1\",\"resolution\":\"F:\\\\ReactProject\\\\projects\\\\lensstore\\\\functions\\\\node_modules\\\\firebase-functions\\\\lib\\\\index.js\"}"}}
[debug] [2022-03-03T07:38:56.905Z] [runtime-status] [17060] Resolved module firebase-admin {"declared":true,"installed":true,"version":"9.12.0","resolution":"F:\\ReactProject\\projects\\lensstore\\functions\\node_modules\\firebase-admin\\lib\\index.js"} {"metadata":{"emulator":{"name":"functions"},"function":{"name":"us-central1-api"},"message":"[runtime-status] [17060] Resolved module firebase-admin {\"declared\":true,\"installed\":true,\"version\":\"9.12.0\",\"resolution\":\"F:\\\\ReactProject\\\\projects\\\\lensstore\\\\functions\\\\node_modules\\\\firebase-admin\\\\lib\\\\index.js\"}"}}
[debug] [2022-03-03T07:38:56.907Z] [runtime-status] [17060] Resolved module firebase-functions {"declared":true,"installed":true,"version":"3.18.1","resolution":"F:\\ReactProject\\projects\\lensstore\\functions\\node_modules\\firebase-functions\\lib\\index.js"} {"metadata":{"emulator":{"name":"functions"},"function":{"name":"us-central1-api"},"message":"[runtime-status] [17060] Resolved module firebase-functions {\"declared\":true,\"installed\":true,\"version\":\"3.18.1\",\"resolution\":\"F:\\\\ReactProject\\\\projects\\\\lensstore\\\\functions\\\\node_modules\\\\firebase-functions\\\\lib\\\\index.js\"}"}}
[debug] [2022-03-03T07:38:56.910Z] [runtime-status] [17060] firebase-admin has been stubbed. {"adminResolution":{"declared":true,"installed":true,"version":"9.12.0","resolution":"F:\\ReactProject\\projects\\lensstore\\functions\\node_modules\\firebase-admin\\lib\\index.js"}} {"metadata":{"emulator":{"name":"functions"},"function":{"name":"us-central1-api"},"message":"[runtime-status] [17060] firebase-admin has been stubbed. {\"adminResolution\":{\"declared\":true,\"installed\":true,\"version\":\"9.12.0\",\"resolution\":\"F:\\\\ReactProject\\\\projects\\\\lensstore\\\\functions\\\\node_modules\\\\firebase-admin\\\\lib\\\\index.js\"}}"}}
[debug] [2022-03-03T07:39:01.983Z] [runtime-status] [17060] Beginning invocation function api! {"metadata":{"emulator":{"name":"functions"},"function":{"name":"us-central1-api"},"message":"[runtime-status] [17060] Beginning invocation function api!"}}
[info] i  functions: Beginning execution of "api" {"metadata":{"emulator":{"name":"functions"},"function":{"name":"us-central1-api"},"message":"Beginning execution of \"api\""}}
[debug] [2022-03-03T07:39:01.998Z] [runtime-status] [17060] Running api in signature http {"metadata":{"emulator":{"name":"functions"},"function":{"name":"us-central1-api"},"message":"[runtime-status] [17060] Running api in signature http"}}
[debug] [2022-03-03T07:39:01.999Z] [runtime-status] [17060] Attempting to listen to socketPath: \\?\pipe\F:\ReactProject\projects\lensstore\functions\17060 {"metadata":{"emulator":{"name":"functions"},"function":{"name":"us-central1-api"},"message":"[runtime-status] [17060] Attempting to listen to socketPath: \\\\?\\pipe\\F:\\ReactProject\\projects\\lensstore\\functions\\17060"}}
[debug] [2022-03-03T07:39:02.029Z] [functions] Runtime ready! Sending request! {"metadata":{"emulator":{"name":"functions"},"message":"[functions] Runtime ready! Sending request!"}}
[debug] [2022-03-03T07:39:02.030Z] [functions] Got req.url=/lense-store/us-central1/api/payments/create?total=0, mapping to path=/payments/create?total=0 {"metadata":{"emulator":{"name":"functions"},"message":"[functions] Got req.url=/lense-store/us-central1/api/payments/create?total=0, mapping to path=/payments/create?total=0"}}
[debug] [2022-03-03T07:39:02.038Z] [runtime-status] [17060] Ephemeral server handling POST request {"metadata":{"emulator":{"name":"functions"},"function":{"name":"us-central1-api"},"message":"[runtime-status] [17060] Ephemeral server handling POST request"}}
[info] >  Payment Request Recieved. for this amount  0 {"user":"Payment Request Recieved. for this amount  0","metadata":{"emulator":{"name":"functions"},"function":{"name":"us-central1-api"},"message":"\u001b[90m> \u001b[39m Payment Request Recieved. for this amount  0"}}
[debug] [2022-03-03T07:39:02.051Z] [runtime-status] [17060] Ephemeral server survived. {"metadata":{"emulator":{"name":"functions"},"function":{"name":"us-central1-api"},"message":"[runtime-status] [17060] Ephemeral server survived."}}
[info] >  (node:17060) UnhandledPromiseRejectionWarning: Error: This value must be greater than or equal to 1. {"user":"(node:17060) UnhandledPromiseRejectionWarning: Error: This value must be greater than or equal to 1.","metadata":{"emulator":{"name":"functions"},"function":{"name":"us-central1-api"},"message":"\u001b[90m> \u001b[39m (node:17060) UnhandledPromiseRejectionWarning: Error: This value must be greater than or equal to 1."}}
[info] >      at Function.generate (F:\ReactProject\projects\lensstore\functions\node_modules\stripe\lib\Error.js:40:16) {"user":"    at Function.generate (F:\\ReactProject\\projects\\lensstore\\functions\\node_modules\\stripe\\lib\\Error.js:40:16)","metadata":{"emulator":{"name":"functions"},"function":{"name":"us-central1-api"},"message":"\u001b[90m> \u001b[39m     at Function.generate (F:\\ReactProject\\projects\\lensstore\\functions\\node_modules\\stripe\\lib\\Error.js:40:16)"}}
[info] >      at res.toJSON.then.StripeAPIError.message (F:\ReactProject\projects\lensstore\functions\node_modules\stripe\lib\StripeResource.js:220:35) {"user":"    at res.toJSON.then.StripeAPIError.message (F:\\ReactProject\\projects\\lensstore\\functions\\node_modules\\stripe\\lib\\StripeResource.js:220:35)","metadata":{"emulator":{"name":"functions"},"function":{"name":"us-central1-api"},"message":"\u001b[90m> \u001b[39m     at res.toJSON.then.StripeAPIError.message (F:\\ReactProject\\projects\\lensstore\\functions\\node_modules\\stripe\\lib\\StripeResource.js:220:35)"}}
[info] >      at processTicksAndRejections (internal/process/task_queues.js:93:5) {"user":"    at processTicksAndRejections (internal/process/task_queues.js:93:5)","metadata":{"emulator":{"name":"functions"},"function":{"name":"us-central1-api"},"message":"\u001b[90m> \u001b[39m     at processTicksAndRejections (internal/process/task_queues.js:93:5)"}}
[info] >  (Use `node --trace-warnings ...` to show where the warning was created) {"user":"(Use `node --trace-warnings ...` to show where the warning was created)","metadata":{"emulator":{"name":"functions"},"function":{"name":"us-central1-api"},"message":"\u001b[90m> \u001b[39m (Use `node --trace-warnings ...` to show where the warning was created)"}}
[info] >  (node:17060) UnhandledPromiseRejectionWarning: Unhandled promise rejection. This error originated either by throwing inside of an async function without a catch block, or by rejecting a promise which was not handled with .catch(). To terminate the node process on unhandled promise rejection, use the CLI flag `--unhandled-rejections=strict` (see https://nodejs.org/api/cli.html#cli_unhandled_rejections_mode). (rejection id: 1) {"user":"(node:17060) UnhandledPromiseRejectionWarning: Unhandled promise rejection. This error originated either by throwing inside of an async function without a catch block, or by rejecting a promise which was not handled with .catch(). To terminate the node process on unhandled promise rejection, use the CLI flag `--unhandled-rejections=strict` (see https://nodejs.org/api/cli.html#cli_unhandled_rejections_mode). (rejection id: 1)","metadata":{"emulator":{"name":"functions"},"function":{"name":"us-central1-api"},"message":"\u001b[90m> \u001b[39m (node:17060) UnhandledPromiseRejectionWarning: Unhandled promise rejection. This error originated either by throwing inside of an async function without a catch block, or by rejecting a promise which was not handled with .catch(). To terminate the node process on unhandled promise rejection, use the CLI flag `--unhandled-rejections=strict` (see https://nodejs.org/api/cli.html#cli_unhandled_rejections_mode). (rejection id: 1)"}}
[info] >  (node:17060) [DEP0018] DeprecationWarning: Unhandled promise rejections are deprecated. In the future, promise rejections that are not handled will terminate the Node.js process with a non-zero exit code. {"user":"(node:17060) [DEP0018] DeprecationWarning: Unhandled promise rejections are deprecated. In the future, promise rejections that are not handled will terminate the Node.js process with a non-zero exit code.","metadata":{"emulator":{"name":"functions"},"function":{"name":"us-central1-api"},"message":"\u001b[90m> \u001b[39m (node:17060) [DEP0018] DeprecationWarning: Unhandled promise rejections are deprecated. In the future, promise rejections that are not handled will terminate the Node.js process with a non-zero exit code."}}
[warn] !  functions: Your function timed out after ~60s. To configure this timeout, see
      https://firebase.google.com/docs/functions/manage-functions#set_timeout_and_memory_allocation. {"metadata":{"emulator":{"name":"functions"},"function":{"name":"us-central1-api"},"message":"Your function timed out after ~60s. To configure this timeout, see\n      https://firebase.google.com/docs/functions/manage-functions#set_timeout_and_memory_allocation."}}
[info] >  C:\Users\krist_d6vbucr\AppData\Roaming\npm\node_modules\firebase-tools\lib\emulator\functionsEmulatorRuntime.js:633 {"user":"C:\\Users\\krist_d6vbucr\\AppData\\Roaming\\npm\\node_modules\\firebase-tools\\lib\\emulator\\functionsEmulatorRuntime.js:633\r","metadata":{"emulator":{"name":"functions"},"function":{"name":"us-central1-api"},"message":"\u001b[90m> \u001b[39m C:\\Users\\krist_d6vbucr\\AppData\\Roaming\\npm\\node_modules\\firebase-tools\\lib\\emulator\\functionsEmulatorRuntime.js:633\r"}}
[info] >              throw new Error("Function timed out."); {"user":"            throw new Error(\"Function timed out.\");\r","metadata":{"emulator":{"name":"functions"},"function":{"name":"us-central1-api"},"message":"\u001b[90m> \u001b[39m             throw new Error(\"Function timed out.\");\r"}}
[info] >              ^ {"user":"            ^\r","metadata":{"emulator":{"name":"functions"},"function":{"name":"us-central1-api"},"message":"\u001b[90m> \u001b[39m             ^\r"}}
[info] >   {"user":"\r","metadata":{"emulator":{"name":"functions"},"function":{"name":"us-central1-api"},"message":"\u001b[90m> \u001b[39m \r"}}
[info] >  Error: Function timed out. {"user":"Error: Function timed out.\r","metadata":{"emulator":{"name":"functions"},"function":{"name":"us-central1-api"},"message":"\u001b[90m> \u001b[39m Error: Function timed out.\r"}}
[info] >      at Timeout._onTimeout (C:\Users\krist_d6vbucr\AppData\Roaming\npm\node_modules\firebase-tools\lib\emulator\functionsEmulatorRuntime.js:633:19) {"user":"    at Timeout._onTimeout (C:\\Users\\krist_d6vbucr\\AppData\\Roaming\\npm\\node_modules\\firebase-tools\\lib\\emulator\\functionsEmulatorRuntime.js:633:19)\r","metadata":{"emulator":{"name":"functions"},"function":{"name":"us-central1-api"},"message":"\u001b[90m> \u001b[39m     at Timeout._onTimeout (C:\\Users\\krist_d6vbucr\\AppData\\Roaming\\npm\\node_modules\\firebase-tools\\lib\\emulator\\functionsEmulatorRuntime.js:633:19)\r"}}
[info] >      at listOnTimeout (internal/timers.js:554:17) {"user":"    at listOnTimeout (internal/timers.js:554:17)\r","metadata":{"emulator":{"name":"functions"},"function":{"name":"us-central1-api"},"message":"\u001b[90m> \u001b[39m     at listOnTimeout (internal/timers.js:554:17)\r"}}
[info] >      at processTimers (internal/timers.js:497:7) {"user":"    at processTimers (internal/timers.js:497:7)\r","metadata":{"emulator":{"name":"functions"},"function":{"name":"us-central1-api"},"message":"\u001b[90m> \u001b[39m     at processTimers (internal/timers.js:497:7)\r"}}
[debug] [2022-03-03T07:40:02.031Z] [worker-us-central1-api-37e11f82-ba77-4610-a36a-862aed613007]: exited {"metadata":{"emulator":{"name":"functions"},"message":"[worker-us-central1-api-37e11f82-ba77-4610-a36a-862aed613007]: exited"}}
[debug] [2022-03-03T07:40:02.031Z] [worker-us-central1-api-37e11f82-ba77-4610-a36a-862aed613007]: FINISHED {"metadata":{"emulator":{"name":"functions"},"message":"[worker-us-central1-api-37e11f82-ba77-4610-a36a-862aed613007]: FINISHED"}}
[debug] [2022-03-03T07:40:02.031Z] [work-queue] {"queueLength":0,"workRunningCount":0}
[debug] [2022-03-03T09:08:31.496Z] Received signal SIGHUP 1
